2026-06-06 18:12:40.637 +07:00 [INF] Executed DbCommand (148ms) [Parameters=[], CommandType='"Text"', CommandTimeout='60']
SELECT EXISTS (
    SELECT 1 FROM pg_catalog.pg_class c
    JOIN pg_catalog.pg_namespace n ON n.oid=c.relnamespace
    WHERE n.nspname='public' AND
          c.relname='__EFMigrationsHistory'
)
2026-06-06 18:12:40.800 +07:00 [INF] Executed DbCommand (93ms) [Parameters=[], CommandType='"Text"', CommandTimeout='60']
SELECT "MigrationId", "ProductVersion"
FROM "__EFMigrationsHistory"
ORDER BY "MigrationId";
2026-06-06 18:12:41.473 +07:00 [INF] Executed DbCommand (91ms) [Parameters=[], CommandType='"Text"', CommandTimeout='60']
SELECT EXISTS (
    SELECT 1 FROM pg_catalog.pg_class c
    JOIN pg_catalog.pg_namespace n ON n.oid=c.relnamespace
    WHERE n.nspname='public' AND
          c.relname='__EFMigrationsHistory'
)
2026-06-06 18:12:42.132 +07:00 [INF] Executed DbCommand (91ms) [Parameters=[], CommandType='"Text"', CommandTimeout='60']
SELECT EXISTS (
    SELECT 1 FROM pg_catalog.pg_class c
    JOIN pg_catalog.pg_namespace n ON n.oid=c.relnamespace
    WHERE n.nspname='public' AND
          c.relname='__EFMigrationsHistory'
)
2026-06-06 18:12:42.225 +07:00 [INF] Executed DbCommand (92ms) [Parameters=[], CommandType='"Text"', CommandTimeout='60']
SELECT "MigrationId", "ProductVersion"
FROM "__EFMigrationsHistory"
ORDER BY "MigrationId";
2026-06-06 18:12:42.252 +07:00 [INF] No migrations were applied. The database is already up to date.
2026-06-06 18:12:42.257 +07:00 [INF] Database migration completed successfully.
2026-06-06 18:12:42.663 +07:00 [INF] Executed DbCommand (91ms) [Parameters=[], CommandType='"Text"', CommandTimeout='60']
SELECT EXISTS (
    SELECT 1
    FROM users AS u
    WHERE u.email = 'admin@yakicafe.com')
2026-06-06 18:12:42.770 +07:00 [INF] Executed DbCommand (91ms) [Parameters=[], CommandType='"Text"', CommandTimeout='60']
SELECT EXISTS (
    SELECT 1
    FROM users AS u
    WHERE u.email = 'staff@yakicafe.com')
2026-06-06 18:12:42.867 +07:00 [INF] Executed DbCommand (91ms) [Parameters=[], CommandType='"Text"', CommandTimeout='60']
SELECT EXISTS (
    SELECT 1
    FROM users AS u
    WHERE u.email = 'manager@yakicafe.com')
2026-06-06 18:12:42.966 +07:00 [INF] Executed DbCommand (91ms) [Parameters=[], CommandType='"Text"', CommandTimeout='60']
SELECT EXISTS (
    SELECT 1
    FROM seating_areas AS s)
2026-06-06 18:12:43.063 +07:00 [INF] Executed DbCommand (92ms) [Parameters=[], CommandType='"Text"', CommandTimeout='60']
SELECT EXISTS (
    SELECT 1
    FROM "RestaurantInfo" AS r)
2026-06-06 18:12:43.249 +07:00 [INF] Executed DbCommand (91ms) [Parameters=[], CommandType='"Text"', CommandTimeout='60']
SELECT m."Id", m."Category", m."CreatedAt", m."Description", m."ImageUrl", m."IsActive", m."Name", m."Price", m."SalesCount", m."Tag"
FROM "MenuItems" AS m
2026-06-06 18:12:43.616 +07:00 [INF] Executed DbCommand (111ms) [Parameters=[@p9='?' (DbType = Guid), @p0='?' (DbType = Int32), @p1='?' (DbType = DateTime), @p2='?', @p3='?', @p4='?' (DbType = Boolean), @p5='?', @p6='?' (DbType = Decimal), @p7='?' (DbType = Int32), @p8='?' (DbType = Int32), @p19='?' (DbType = Guid), @p10='?' (DbType = Int32), @p11='?' (DbType = DateTime), @p12='?', @p13='?', @p14='?' (DbType = Boolean), @p15='?', @p16='?' (DbType = Decimal), @p17='?' (DbType = Int32), @p18='?' (DbType = Int32), @p29='?' (DbType = Guid), @p20='?' (DbType = Int32), @p21='?' (DbType = DateTime), @p22='?', @p23='?', @p24='?' (DbType = Boolean), @p25='?', @p26='?' (DbType = Decimal), @p27='?' (DbType = Int32), @p28='?' (DbType = Int32), @p39='?' (DbType = Guid), @p30='?' (DbType = Int32), @p31='?' (DbType = DateTime), @p32='?', @p33='?', @p34='?' (DbType = Boolean), @p35='?', @p36='?' (DbType = Decimal), @p37='?' (DbType = Int32), @p38='?' (DbType = Int32), @p49='?' (DbType = Guid), @p40='?' (DbType = Int32), @p41='?' (DbType = DateTime), @p42='?', @p43='?', @p44='?' (DbType = Boolean), @p45='?', @p46='?' (DbType = Decimal), @p47='?' (DbType = Int32), @p48='?' (DbType = Int32), @p59='?' (DbType = Guid), @p50='?' (DbType = Int32), @p51='?' (DbType = DateTime), @p52='?', @p53='?', @p54='?' (DbType = Boolean), @p55='?', @p56='?' (DbType = Decimal), @p57='?' (DbType = Int32), @p58='?' (DbType = Int32), @p69='?' (DbType = Guid), @p60='?' (DbType = Int32), @p61='?' (DbType = DateTime), @p62='?', @p63='?', @p64='?' (DbType = Boolean), @p65='?', @p66='?' (DbType = Decimal), @p67='?' (DbType = Int32), @p68='?' (DbType = Int32)], CommandType='"Text"', CommandTimeout='60']
UPDATE "MenuItems" SET "Category" = @p0, "CreatedAt" = @p1, "Description" = @p2, "ImageUrl" = @p3, "IsActive" = @p4, "Name" = @p5, "Price" = @p6, "SalesCount" = @p7, "Tag" = @p8
WHERE "Id" = @p9;
UPDATE "MenuItems" SET "Category" = @p10, "CreatedAt" = @p11, "Description" = @p12, "ImageUrl" = @p13, "IsActive" = @p14, "Name" = @p15, "Price" = @p16, "SalesCount" = @p17, "Tag" = @p18
WHERE "Id" = @p19;
UPDATE "MenuItems" SET "Category" = @p20, "CreatedAt" = @p21, "Description" = @p22, "ImageUrl" = @p23, "IsActive" = @p24, "Name" = @p25, "Price" = @p26, "SalesCount" = @p27, "Tag" = @p28
WHERE "Id" = @p29;
UPDATE "MenuItems" SET "Category" = @p30, "CreatedAt" = @p31, "Description" = @p32, "ImageUrl" = @p33, "IsActive" = @p34, "Name" = @p35, "Price" = @p36, "SalesCount" = @p37, "Tag" = @p38
WHERE "Id" = @p39;
UPDATE "MenuItems" SET "Category" = @p40, "CreatedAt" = @p41, "Description" = @p42, "ImageUrl" = @p43, "IsActive" = @p44, "Name" = @p45, "Price" = @p46, "SalesCount" = @p47, "Tag" = @p48
WHERE "Id" = @p49;
UPDATE "MenuItems" SET "Category" = @p50, "CreatedAt" = @p51, "Description" = @p52, "ImageUrl" = @p53, "IsActive" = @p54, "Name" = @p55, "Price" = @p56, "SalesCount" = @p57, "Tag" = @p58
WHERE "Id" = @p59;
UPDATE "MenuItems" SET "Category" = @p60, "CreatedAt" = @p61, "Description" = @p62, "ImageUrl" = @p63, "IsActive" = @p64, "Name" = @p65, "Price" = @p66, "SalesCount" = @p67, "Tag" = @p68
WHERE "Id" = @p69;
2026-06-06 18:12:43.727 +07:00 [INF] Synced 7 menu items in database
2026-06-06 18:12:43.737 +07:00 [INF] Data seeding completed.
2026-06-06 18:12:43.953 +07:00 [INF] User profile is available. Using 'C:\Users\luanq\AppData\Local\ASP.NET\DataProtection-Keys' as key repository and Windows DPAPI to encrypt keys at rest.
2026-06-06 18:12:43.963 +07:00 [INF] AutoCancelReservationWorker is starting.
2026-06-06 18:12:44.136 +07:00 [INF] Executed DbCommand (92ms) [Parameters=[@__date_Value_0='?' (DbType = Date), @__parsedStatus_1='?' (DbType = Int32)], CommandType='"Text"', CommandTimeout='60']
SELECT count(*)::int
FROM reservations AS r
WHERE r.reservation_date = @__date_Value_0 AND r.status = @__parsedStatus_1
2026-06-06 18:12:44.260 +07:00 [WRN] The ASP.NET Core developer certificate is not trusted. For information about trusting the ASP.NET Core developer certificate, see https://aka.ms/aspnet/https-trust-dev-cert.
2026-06-06 18:12:44.285 +07:00 [ERR] Hosting failed to start
System.IO.IOException: Failed to bind to address https://127.0.0.1:52817: address already in use.
 ---> Microsoft.AspNetCore.Connections.AddressInUseException: Only one usage of each socket address (protocol/network address/port) is normally permitted.
 ---> System.Net.Sockets.SocketException (10048): Only one usage of each socket address (protocol/network address/port) is normally permitted.
   at System.Net.Sockets.Socket.UpdateStatusAfterSocketErrorAndThrowException(SocketError error, Boolean disconnectOnFailure, String callerName)
   at System.Net.Sockets.Socket.DoBind(EndPoint endPointSnapshot, SocketAddress socketAddress)
   at System.Net.Sockets.Socket.Bind(EndPoint localEP)
   at Microsoft.AspNetCore.Server.Kestrel.Transport.Sockets.SocketTransportOptions.CreateDefaultBoundListenSocket(EndPoint endpoint)
   at Microsoft.AspNetCore.Server.Kestrel.Transport.Sockets.SocketConnectionListener.Bind()
   --- End of inner exception stack trace ---
   at Microsoft.AspNetCore.Server.Kestrel.Transport.Sockets.SocketConnectionListener.Bind()
   at Microsoft.AspNetCore.Server.Kestrel.Transport.Sockets.SocketTransportFactory.BindAsync(EndPoint endpoint, CancellationToken cancellationToken)
   at Microsoft.AspNetCore.Server.Kestrel.Core.Internal.Infrastructure.TransportManager.BindAsync(EndPoint endPoint, ConnectionDelegate connectionDelegate, EndpointConfig endpointConfig, CancellationToken cancellationToken)
   at Microsoft.AspNetCore.Server.Kestrel.Core.KestrelServerImpl.<>c__DisplayClass28_0`1.<<StartAsync>g__OnBind|0>d.MoveNext()
--- End of stack trace from previous location ---
   at Microsoft.AspNetCore.Server.Kestrel.Core.Internal.AddressBinder.BindEndpointAsync(ListenOptions endpoint, AddressBindContext context, CancellationToken cancellationToken)
   --- End of inner exception stack trace ---
   at Microsoft.AspNetCore.Server.Kestrel.Core.Internal.AddressBinder.BindEndpointAsync(ListenOptions endpoint, AddressBindContext context, CancellationToken cancellationToken)
   at Microsoft.AspNetCore.Server.Kestrel.Core.LocalhostListenOptions.BindAsync(AddressBindContext context, CancellationToken cancellationToken)
   at Microsoft.AspNetCore.Server.Kestrel.Core.Internal.AddressBinder.AddressesStrategy.BindAsync(AddressBindContext context, CancellationToken cancellationToken)
   at Microsoft.AspNetCore.Server.Kestrel.Core.Internal.AddressBinder.BindAsync(ListenOptions[] listenOptions, AddressBindContext context, Func`2 useHttps, CancellationToken cancellationToken)
   at Microsoft.AspNetCore.Server.Kestrel.Core.KestrelServerImpl.BindAsync(CancellationToken cancellationToken)
   at Microsoft.AspNetCore.Server.Kestrel.Core.KestrelServerImpl.StartAsync[TContext](IHttpApplication`1 application, CancellationToken cancellationToken)
   at Microsoft.AspNetCore.Hosting.GenericWebHostService.StartAsync(CancellationToken cancellationToken)
   at Microsoft.Extensions.Hosting.Internal.Host.<StartAsync>b__15_1(IHostedService service, CancellationToken token)
   at Microsoft.Extensions.Hosting.Internal.Host.ForeachService[T](IEnumerable`1 services, CancellationToken token, Boolean concurrent, Boolean abortOnFirstException, List`1 exceptions, Func`3 operation)
2026-06-06 18:12:44.708 +07:00 [INF] Executed DbCommand (476ms) [Parameters=[@__date_Value_0='?' (DbType = Date), @__parsedStatus_1='?' (DbType = Int32), @__p_3='?' (DbType = Int32), @__p_2='?' (DbType = Int32)], CommandType='"Text"', CommandTimeout='60']
SELECT t.id, t.created_at, t.end_time, t.guest_count, t.guest_email, t.guest_name, t.guest_phone, t.reservation_code, t.reservation_date, t.seating_area_id, t.special_note, t.start_time, t.status, t.table_name, s.id, s.area, s.description, s.is_active, s.preview_image, s.reservable_tables, s.table_type, s.total_tables
FROM (
    SELECT r.id, r.created_at, r.end_time, r.guest_count, r.guest_email, r.guest_name, r.guest_phone, r.reservation_code, r.reservation_date, r.seating_area_id, r.special_note, r.start_time, r.status, r.table_name
    FROM reservations AS r
    WHERE r.reservation_date = @__date_Value_0 AND r.status = @__parsedStatus_1
    ORDER BY r.reservation_date DESC, r.start_time DESC
    LIMIT @__p_3 OFFSET @__p_2
) AS t
INNER JOIN seating_areas AS s ON t.seating_area_id = s.id
ORDER BY t.reservation_date DESC, t.start_time DESC
2026-06-06 18:12:44.712 +07:00 [ERR] BackgroundService failed
System.Threading.Tasks.TaskCanceledException: A task was canceled.
   at CafeReservation.Api.Workers.AutoCancelReservationWorker.ExecuteAsync(CancellationToken stoppingToken) in E:\IELTS\EXE201\CafeReservation\src\CafeReservation.Api\Workers\AutoCancelReservationWorker.cs:line 37
   at Microsoft.Extensions.Hosting.Internal.Host.TryExecuteBackgroundServiceAsync(BackgroundService backgroundService)
2026-06-06 18:12:44.714 +07:00 [FTL] The HostOptions.BackgroundServiceExceptionBehavior is configured to StopHost. A BackgroundService has thrown an unhandled exception, and the IHost instance is stopping. To avoid this behavior, configure this to Ignore; however the BackgroundService will not be restarted.
System.Threading.Tasks.TaskCanceledException: A task was canceled.
   at CafeReservation.Api.Workers.AutoCancelReservationWorker.ExecuteAsync(CancellationToken stoppingToken) in E:\IELTS\EXE201\CafeReservation\src\CafeReservation.Api\Workers\AutoCancelReservationWorker.cs:line 37
   at Microsoft.Extensions.Hosting.Internal.Host.TryExecuteBackgroundServiceAsync(BackgroundService backgroundService)
2026-06-06 18:19:27.478 +07:00 [INF] Executed DbCommand (148ms) [Parameters=[], CommandType='"Text"', CommandTimeout='60']
SELECT EXISTS (
    SELECT 1 FROM pg_catalog.pg_class c
    JOIN pg_catalog.pg_namespace n ON n.oid=c.relnamespace
    WHERE n.nspname='public' AND
          c.relname='__EFMigrationsHistory'
)
2026-06-06 18:19:27.664 +07:00 [INF] Executed DbCommand (95ms) [Parameters=[], CommandType='"Text"', CommandTimeout='60']
SELECT "MigrationId", "ProductVersion"
FROM "__EFMigrationsHistory"
ORDER BY "MigrationId";
2026-06-06 18:19:28.340 +07:00 [INF] Executed DbCommand (92ms) [Parameters=[], CommandType='"Text"', CommandTimeout='60']
SELECT EXISTS (
    SELECT 1 FROM pg_catalog.pg_class c
    JOIN pg_catalog.pg_namespace n ON n.oid=c.relnamespace
    WHERE n.nspname='public' AND
          c.relname='__EFMigrationsHistory'
)
2026-06-06 18:19:29.002 +07:00 [INF] Executed DbCommand (92ms) [Parameters=[], CommandType='"Text"', CommandTimeout='60']
SELECT EXISTS (
    SELECT 1 FROM pg_catalog.pg_class c
    JOIN pg_catalog.pg_namespace n ON n.oid=c.relnamespace
    WHERE n.nspname='public' AND
          c.relname='__EFMigrationsHistory'
)
2026-06-06 18:19:29.098 +07:00 [INF] Executed DbCommand (92ms) [Parameters=[], CommandType='"Text"', CommandTimeout='60']
SELECT "MigrationId", "ProductVersion"
FROM "__EFMigrationsHistory"
ORDER BY "MigrationId";
2026-06-06 18:19:29.113 +07:00 [INF] No migrations were applied. The database is already up to date.
2026-06-06 18:19:29.116 +07:00 [INF] Database migration completed successfully.
2026-06-06 18:19:29.447 +07:00 [INF] Executed DbCommand (93ms) [Parameters=[], CommandType='"Text"', CommandTimeout='60']
SELECT EXISTS (
    SELECT 1
    FROM users AS u
    WHERE u.email = 'admin@yakicafe.com')
2026-06-06 18:19:29.549 +07:00 [INF] Executed DbCommand (92ms) [Parameters=[], CommandType='"Text"', CommandTimeout='60']
SELECT EXISTS (
    SELECT 1
    FROM users AS u
    WHERE u.email = 'staff@yakicafe.com')
2026-06-06 18:19:29.647 +07:00 [INF] Executed DbCommand (92ms) [Parameters=[], CommandType='"Text"', CommandTimeout='60']
SELECT EXISTS (
    SELECT 1
    FROM users AS u
    WHERE u.email = 'manager@yakicafe.com')
2026-06-06 18:19:29.746 +07:00 [INF] Executed DbCommand (92ms) [Parameters=[], CommandType='"Text"', CommandTimeout='60']
SELECT EXISTS (
    SELECT 1
    FROM seating_areas AS s)
2026-06-06 18:19:29.844 +07:00 [INF] Executed DbCommand (92ms) [Parameters=[], CommandType='"Text"', CommandTimeout='60']
SELECT EXISTS (
    SELECT 1
    FROM "RestaurantInfo" AS r)
2026-06-06 18:19:29.997 +07:00 [INF] Executed DbCommand (92ms) [Parameters=[], CommandType='"Text"', CommandTimeout='60']
SELECT m."Id", m."Category", m."CreatedAt", m."Description", m."ImageUrl", m."IsActive", m."Name", m."Price", m."SalesCount", m."Tag"
FROM "MenuItems" AS m
2026-06-06 18:19:30.306 +07:00 [INF] Executed DbCommand (108ms) [Parameters=[@p9='?' (DbType = Guid), @p0='?' (DbType = Int32), @p1='?' (DbType = DateTime), @p2='?', @p3='?', @p4='?' (DbType = Boolean), @p5='?', @p6='?' (DbType = Decimal), @p7='?' (DbType = Int32), @p8='?' (DbType = Int32), @p19='?' (DbType = Guid), @p10='?' (DbType = Int32), @p11='?' (DbType = DateTime), @p12='?', @p13='?', @p14='?' (DbType = Boolean), @p15='?', @p16='?' (DbType = Decimal), @p17='?' (DbType = Int32), @p18='?' (DbType = Int32), @p29='?' (DbType = Guid), @p20='?' (DbType = Int32), @p21='?' (DbType = DateTime), @p22='?', @p23='?', @p24='?' (DbType = Boolean), @p25='?', @p26='?' (DbType = Decimal), @p27='?' (DbType = Int32), @p28='?' (DbType = Int32), @p39='?' (DbType = Guid), @p30='?' (DbType = Int32), @p31='?' (DbType = DateTime), @p32='?', @p33='?', @p34='?' (DbType = Boolean), @p35='?', @p36='?' (DbType = Decimal), @p37='?' (DbType = Int32), @p38='?' (DbType = Int32), @p49='?' (DbType = Guid), @p40='?' (DbType = Int32), @p41='?' (DbType = DateTime), @p42='?', @p43='?', @p44='?' (DbType = Boolean), @p45='?', @p46='?' (DbType = Decimal), @p47='?' (DbType = Int32), @p48='?' (DbType = Int32), @p59='?' (DbType = Guid), @p50='?' (DbType = Int32), @p51='?' (DbType = DateTime), @p52='?', @p53='?', @p54='?' (DbType = Boolean), @p55='?', @p56='?' (DbType = Decimal), @p57='?' (DbType = Int32), @p58='?' (DbType = Int32), @p69='?' (DbType = Guid), @p60='?' (DbType = Int32), @p61='?' (DbType = DateTime), @p62='?', @p63='?', @p64='?' (DbType = Boolean), @p65='?', @p66='?' (DbType = Decimal), @p67='?' (DbType = Int32), @p68='?' (DbType = Int32)], CommandType='"Text"', CommandTimeout='60']
UPDATE "MenuItems" SET "Category" = @p0, "CreatedAt" = @p1, "Description" = @p2, "ImageUrl" = @p3, "IsActive" = @p4, "Name" = @p5, "Price" = @p6, "SalesCount" = @p7, "Tag" = @p8
WHERE "Id" = @p9;
UPDATE "MenuItems" SET "Category" = @p10, "CreatedAt" = @p11, "Description" = @p12, "ImageUrl" = @p13, "IsActive" = @p14, "Name" = @p15, "Price" = @p16, "SalesCount" = @p17, "Tag" = @p18
WHERE "Id" = @p19;
UPDATE "MenuItems" SET "Category" = @p20, "CreatedAt" = @p21, "Description" = @p22, "ImageUrl" = @p23, "IsActive" = @p24, "Name" = @p25, "Price" = @p26, "SalesCount" = @p27, "Tag" = @p28
WHERE "Id" = @p29;
UPDATE "MenuItems" SET "Category" = @p30, "CreatedAt" = @p31, "Description" = @p32, "ImageUrl" = @p33, "IsActive" = @p34, "Name" = @p35, "Price" = @p36, "SalesCount" = @p37, "Tag" = @p38
WHERE "Id" = @p39;
UPDATE "MenuItems" SET "Category" = @p40, "CreatedAt" = @p41, "Description" = @p42, "ImageUrl" = @p43, "IsActive" = @p44, "Name" = @p45, "Price" = @p46, "SalesCount" = @p47, "Tag" = @p48
WHERE "Id" = @p49;
UPDATE "MenuItems" SET "Category" = @p50, "CreatedAt" = @p51, "Description" = @p52, "ImageUrl" = @p53, "IsActive" = @p54, "Name" = @p55, "Price" = @p56, "SalesCount" = @p57, "Tag" = @p58
WHERE "Id" = @p59;
UPDATE "MenuItems" SET "Category" = @p60, "CreatedAt" = @p61, "Description" = @p62, "ImageUrl" = @p63, "IsActive" = @p64, "Name" = @p65, "Price" = @p66, "SalesCount" = @p67, "Tag" = @p68
WHERE "Id" = @p69;
2026-06-06 18:19:30.415 +07:00 [INF] Synced 7 menu items in database
2026-06-06 18:19:30.423 +07:00 [INF] Data seeding completed.
2026-06-06 18:19:30.626 +07:00 [INF] User profile is available. Using 'C:\Users\luanq\AppData\Local\ASP.NET\DataProtection-Keys' as key repository and Windows DPAPI to encrypt keys at rest.
2026-06-06 18:19:30.633 +07:00 [INF] AutoCancelReservationWorker is starting.
2026-06-06 18:19:30.785 +07:00 [INF] Executed DbCommand (92ms) [Parameters=[@__date_Value_0='?' (DbType = Date), @__parsedStatus_1='?' (DbType = Int32)], CommandType='"Text"', CommandTimeout='60']
SELECT count(*)::int
FROM reservations AS r
WHERE r.reservation_date = @__date_Value_0 AND r.status = @__parsedStatus_1
2026-06-06 18:19:30.866 +07:00 [WRN] The ASP.NET Core developer certificate is not trusted. For information about trusting the ASP.NET Core developer certificate, see https://aka.ms/aspnet/https-trust-dev-cert.
2026-06-06 18:19:30.880 +07:00 [INF] Now listening on: https://localhost:52817
2026-06-06 18:19:30.882 +07:00 [INF] Now listening on: http://localhost:52818
2026-06-06 18:19:30.883 +07:00 [INF] Application started. Press Ctrl+C to shut down.
2026-06-06 18:19:30.884 +07:00 [INF] Hosting environment: Development
2026-06-06 18:19:30.885 +07:00 [INF] Content root path: E:\IELTS\EXE201\CafeReservation\src\CafeReservation.Api
2026-06-06 18:19:30.952 +07:00 [INF] Executed DbCommand (93ms) [Parameters=[@__date_Value_0='?' (DbType = Date), @__parsedStatus_1='?' (DbType = Int32), @__p_3='?' (DbType = Int32), @__p_2='?' (DbType = Int32)], CommandType='"Text"', CommandTimeout='60']
SELECT t.id, t.created_at, t.end_time, t.guest_count, t.guest_email, t.guest_name, t.guest_phone, t.reservation_code, t.reservation_date, t.seating_area_id, t.special_note, t.start_time, t.status, t.table_name, s.id, s.area, s.description, s.is_active, s.preview_image, s.reservable_tables, s.table_type, s.total_tables
FROM (
    SELECT r.id, r.created_at, r.end_time, r.guest_count, r.guest_email, r.guest_name, r.guest_phone, r.reservation_code, r.reservation_date, r.seating_area_id, r.special_note, r.start_time, r.status, r.table_name
    FROM reservations AS r
    WHERE r.reservation_date = @__date_Value_0 AND r.status = @__parsedStatus_1
    ORDER BY r.reservation_date DESC, r.start_time DESC
    LIMIT @__p_3 OFFSET @__p_2
) AS t
INNER JOIN seating_areas AS s ON t.seating_area_id = s.id
ORDER BY t.reservation_date DESC, t.start_time DESC
2026-06-06 18:19:31.010 +07:00 [INF] Request starting HTTP/1.1 GET http://localhost:52818/api/public/reviews - null null
2026-06-06 18:19:31.054 +07:00 [INF] CORS policy execution successful.
2026-06-06 18:19:31.102 +07:00 [INF] Executing endpoint 'CafeReservation.Api.Controllers.ReviewController.GetReviews (CafeReservation.Api)'
2026-06-06 18:19:31.129 +07:00 [INF] Route matched with {action = "GetReviews", controller = "Review"}. Executing controller action with signature System.Threading.Tasks.Task`1[Microsoft.AspNetCore.Mvc.IActionResult] GetReviews(System.Nullable`1[System.Guid], System.Threading.CancellationToken) on controller CafeReservation.Api.Controllers.ReviewController (CafeReservation.Api).
2026-06-06 18:19:31.296 +07:00 [INF] Executed DbCommand (92ms) [Parameters=[], CommandType='"Text"', CommandTimeout='60']
SELECT r."Id", r."Comment", r."CreatedAt", r."GuestEmail", r."GuestName", r."GuestPhone", r."MenuItemId", r."Rating", r."Reply", r."ReplyAt"
FROM "Reviews" AS r
ORDER BY r."CreatedAt" DESC
2026-06-06 18:19:31.305 +07:00 [INF] Executing OkObjectResult, writing value of type 'System.Linq.Enumerable+SelectListIterator`2[[CafeReservation.Domain.Entities.Review, CafeReservation.Domain, Version=1.0.0.0, Culture=neutral, PublicKeyToken=null],[CafeReservation.Application.DTOs.ReviewDto, CafeReservation.Application, Version=1.0.0.0, Culture=neutral, PublicKeyToken=null]]'.
2026-06-06 18:19:31.368 +07:00 [INF] Executed action CafeReservation.Api.Controllers.ReviewController.GetReviews (CafeReservation.Api) in 234.4334ms
2026-06-06 18:19:31.369 +07:00 [INF] Request starting HTTP/1.1 GET http://localhost:52818/api/public/reviews - null null
2026-06-06 18:19:31.371 +07:00 [INF] Executed endpoint 'CafeReservation.Api.Controllers.ReviewController.GetReviews (CafeReservation.Api)'
2026-06-06 18:19:31.377 +07:00 [INF] HTTP GET /api/public/reviews responded 200 in 321.5834 ms
2026-06-06 18:19:31.379 +07:00 [INF] CORS policy execution successful.
2026-06-06 18:19:31.383 +07:00 [INF] GET /api/public/reviews responded 200 in 348ms
2026-06-06 18:19:31.386 +07:00 [INF] Executing endpoint 'CafeReservation.Api.Controllers.ReviewController.GetReviews (CafeReservation.Api)'
2026-06-06 18:19:31.387 +07:00 [INF] Route matched with {action = "GetReviews", controller = "Review"}. Executing controller action with signature System.Threading.Tasks.Task`1[Microsoft.AspNetCore.Mvc.IActionResult] GetReviews(System.Nullable`1[System.Guid], System.Threading.CancellationToken) on controller CafeReservation.Api.Controllers.ReviewController (CafeReservation.Api).
2026-06-06 18:19:31.391 +07:00 [INF] Request finished HTTP/1.1 GET http://localhost:52818/api/public/reviews - 200 null application/json; charset=utf-8 383.1124ms
2026-06-06 18:19:31.488 +07:00 [INF] Executed DbCommand (92ms) [Parameters=[], CommandType='"Text"', CommandTimeout='60']
SELECT r."Id", r."Comment", r."CreatedAt", r."GuestEmail", r."GuestName", r."GuestPhone", r."MenuItemId", r."Rating", r."Reply", r."ReplyAt"
FROM "Reviews" AS r
ORDER BY r."CreatedAt" DESC
2026-06-06 18:19:31.493 +07:00 [INF] Executing OkObjectResult, writing value of type 'System.Linq.Enumerable+SelectListIterator`2[[CafeReservation.Domain.Entities.Review, CafeReservation.Domain, Version=1.0.0.0, Culture=neutral, PublicKeyToken=null],[CafeReservation.Application.DTOs.ReviewDto, CafeReservation.Application, Version=1.0.0.0, Culture=neutral, PublicKeyToken=null]]'.
2026-06-06 18:19:31.496 +07:00 [INF] Executed action CafeReservation.Api.Controllers.ReviewController.GetReviews (CafeReservation.Api) in 105.6647ms
2026-06-06 18:19:31.497 +07:00 [INF] Executed endpoint 'CafeReservation.Api.Controllers.ReviewController.GetReviews (CafeReservation.Api)'
2026-06-06 18:19:31.498 +07:00 [INF] HTTP GET /api/public/reviews responded 200 in 120.9021 ms
2026-06-06 18:19:31.500 +07:00 [INF] GET /api/public/reviews responded 200 in 124ms
2026-06-06 18:19:31.502 +07:00 [INF] Request finished HTTP/1.1 GET http://localhost:52818/api/public/reviews - 200 null application/json; charset=utf-8 133.7391ms
2026-06-06 18:19:33.521 +07:00 [INF] Request starting HTTP/1.1 GET http://localhost:52818/api/public/reviews - null null
2026-06-06 18:19:33.521 +07:00 [INF] Request starting HTTP/1.1 GET http://localhost:52818/api/public/menu - null null
2026-06-06 18:19:33.528 +07:00 [INF] CORS policy execution successful.
2026-06-06 18:19:33.529 +07:00 [INF] CORS policy execution successful.
2026-06-06 18:19:33.532 +07:00 [INF] Executing endpoint 'CafeReservation.Api.Controllers.ReviewController.GetReviews (CafeReservation.Api)'
2026-06-06 18:19:33.532 +07:00 [INF] Executing endpoint 'CafeReservation.Api.Controllers.MenuController.GetAll (CafeReservation.Api)'
2026-06-06 18:19:33.534 +07:00 [INF] Route matched with {action = "GetReviews", controller = "Review"}. Executing controller action with signature System.Threading.Tasks.Task`1[Microsoft.AspNetCore.Mvc.IActionResult] GetReviews(System.Nullable`1[System.Guid], System.Threading.CancellationToken) on controller CafeReservation.Api.Controllers.ReviewController (CafeReservation.Api).
2026-06-06 18:19:33.542 +07:00 [INF] Route matched with {action = "GetAll", controller = "Menu"}. Executing controller action with signature System.Threading.Tasks.Task`1[Microsoft.AspNetCore.Mvc.IActionResult] GetAll(System.String, System.String, System.Threading.CancellationToken) on controller CafeReservation.Api.Controllers.MenuController (CafeReservation.Api).
2026-06-06 18:19:33.633 +07:00 [INF] Executed DbCommand (92ms) [Parameters=[], CommandType='"Text"', CommandTimeout='60']
SELECT r."Id", r."Comment", r."CreatedAt", r."GuestEmail", r."GuestName", r."GuestPhone", r."MenuItemId", r."Rating", r."Reply", r."ReplyAt"
FROM "Reviews" AS r
ORDER BY r."CreatedAt" DESC
2026-06-06 18:19:33.637 +07:00 [INF] Executing OkObjectResult, writing value of type 'System.Linq.Enumerable+SelectListIterator`2[[CafeReservation.Domain.Entities.Review, CafeReservation.Domain, Version=1.0.0.0, Culture=neutral, PublicKeyToken=null],[CafeReservation.Application.DTOs.ReviewDto, CafeReservation.Application, Version=1.0.0.0, Culture=neutral, PublicKeyToken=null]]'.
2026-06-06 18:19:33.639 +07:00 [INF] Executed action CafeReservation.Api.Controllers.ReviewController.GetReviews (CafeReservation.Api) in 103.1327ms
2026-06-06 18:19:33.642 +07:00 [INF] Executed endpoint 'CafeReservation.Api.Controllers.ReviewController.GetReviews (CafeReservation.Api)'
2026-06-06 18:19:33.643 +07:00 [INF] Request starting HTTP/1.1 GET http://localhost:52818/api/public/reviews - null null
2026-06-06 18:19:33.644 +07:00 [INF] HTTP GET /api/public/reviews responded 200 in 116.6283 ms
2026-06-06 18:19:33.647 +07:00 [INF] CORS policy execution successful.
2026-06-06 18:19:33.649 +07:00 [INF] GET /api/public/reviews responded 200 in 122ms
2026-06-06 18:19:33.650 +07:00 [INF] Executing endpoint 'CafeReservation.Api.Controllers.ReviewController.GetReviews (CafeReservation.Api)'
2026-06-06 18:19:33.651 +07:00 [INF] Request finished HTTP/1.1 GET http://localhost:52818/api/public/reviews - 200 null application/json; charset=utf-8 130.1372ms
2026-06-06 18:19:33.653 +07:00 [INF] Route matched with {action = "GetReviews", controller = "Review"}. Executing controller action with signature System.Threading.Tasks.Task`1[Microsoft.AspNetCore.Mvc.IActionResult] GetReviews(System.Nullable`1[System.Guid], System.Threading.CancellationToken) on controller CafeReservation.Api.Controllers.ReviewController (CafeReservation.Api).
2026-06-06 18:19:33.751 +07:00 [INF] Executed DbCommand (91ms) [Parameters=[], CommandType='"Text"', CommandTimeout='60']
SELECT r."Id", r."Comment", r."CreatedAt", r."GuestEmail", r."GuestName", r."GuestPhone", r."MenuItemId", r."Rating", r."Reply", r."ReplyAt"
FROM "Reviews" AS r
ORDER BY r."CreatedAt" DESC
2026-06-06 18:19:33.755 +07:00 [INF] Executing OkObjectResult, writing value of type 'System.Linq.Enumerable+SelectListIterator`2[[CafeReservation.Domain.Entities.Review, CafeReservation.Domain, Version=1.0.0.0, Culture=neutral, PublicKeyToken=null],[CafeReservation.Application.DTOs.ReviewDto, CafeReservation.Application, Version=1.0.0.0, Culture=neutral, PublicKeyToken=null]]'.
2026-06-06 18:19:33.760 +07:00 [INF] Executed action CafeReservation.Api.Controllers.ReviewController.GetReviews (CafeReservation.Api) in 102.2599ms
2026-06-06 18:19:33.763 +07:00 [INF] Executed endpoint 'CafeReservation.Api.Controllers.ReviewController.GetReviews (CafeReservation.Api)'
2026-06-06 18:19:33.764 +07:00 [INF] HTTP GET /api/public/reviews responded 200 in 117.3586 ms
2026-06-06 18:19:33.767 +07:00 [INF] GET /api/public/reviews responded 200 in 120ms
2026-06-06 18:19:33.769 +07:00 [INF] Request finished HTTP/1.1 GET http://localhost:52818/api/public/reviews - 499 null application/json; charset=utf-8 126.3594ms
2026-06-06 18:19:33.856 +07:00 [ERR] An error occurred using the connection to database 'postgres' on server 'tcp://aws-1-ap-northeast-1.pooler.supabase.com:5432'.
2026-06-06 18:19:33.862 +07:00 [INF] Executed action CafeReservation.Api.Controllers.MenuController.GetAll (CafeReservation.Api) in 316.8606ms
2026-06-06 18:19:33.864 +07:00 [INF] Executed endpoint 'CafeReservation.Api.Controllers.MenuController.GetAll (CafeReservation.Api)'
2026-06-06 18:19:33.867 +07:00 [ERR] HTTP GET /api/public/menu responded 500 in 338.1321 ms
System.Threading.Tasks.TaskCanceledException: A task was canceled.
   at Npgsql.Internal.NpgsqlWriteBuffer.Flush(Boolean async, CancellationToken cancellationToken)
   at Npgsql.Internal.NpgsqlConnector.<Open>g__OpenCore|213_1(NpgsqlConnector conn, SslMode sslMode, NpgsqlTimeout timeout, Boolean async, CancellationToken cancellationToken, Boolean isFirstAttempt)
   at Npgsql.Internal.NpgsqlConnector.Open(NpgsqlTimeout timeout, Boolean async, CancellationToken cancellationToken)
   at Npgsql.PoolingDataSource.OpenNewConnector(NpgsqlConnection conn, NpgsqlTimeout timeout, Boolean async, CancellationToken cancellationToken)
   at Npgsql.PoolingDataSource.<Get>g__RentAsync|33_0(NpgsqlConnection conn, NpgsqlTimeout timeout, Boolean async, CancellationToken cancellationToken)
   at Npgsql.NpgsqlConnection.<Open>g__OpenAsync|42_0(Boolean async, CancellationToken cancellationToken)
   at Microsoft.EntityFrameworkCore.Storage.RelationalConnection.OpenInternalAsync(Boolean errorsExpected, CancellationToken cancellationToken)
   at Microsoft.EntityFrameworkCore.Storage.RelationalConnection.OpenInternalAsync(Boolean errorsExpected, CancellationToken cancellationToken)
   at Microsoft.EntityFrameworkCore.Storage.RelationalConnection.OpenAsync(CancellationToken cancellationToken, Boolean errorsExpected)
   at Microsoft.EntityFrameworkCore.Storage.RelationalCommand.ExecuteReaderAsync(RelationalCommandParameterObject parameterObject, CancellationToken cancellationToken)
   at Microsoft.EntityFrameworkCore.Query.Internal.SingleQueryingEnumerable`1.AsyncEnumerator.InitializeReaderAsync(AsyncEnumerator enumerator, CancellationToken cancellationToken)
   at Npgsql.EntityFrameworkCore.PostgreSQL.Storage.Internal.NpgsqlExecutionStrategy.ExecuteAsync[TState,TResult](TState state, Func`4 operation, Func`4 verifySucceeded, CancellationToken cancellationToken)
   at Microsoft.EntityFrameworkCore.Query.Internal.SingleQueryingEnumerable`1.AsyncEnumerator.MoveNextAsync()
   at Microsoft.EntityFrameworkCore.EntityFrameworkQueryableExtensions.ToListAsync[TSource](IQueryable`1 source, CancellationToken cancellationToken)
   at Microsoft.EntityFrameworkCore.EntityFrameworkQueryableExtensions.ToListAsync[TSource](IQueryable`1 source, CancellationToken cancellationToken)
   at CafeReservation.Infrastructure.Services.MenuService.GetAllAsync(String category, String tag, CancellationToken ct) in E:\IELTS\EXE201\CafeReservation\src\CafeReservation.Infrastructure\Services\MenuService.cs:line 32
   at CafeReservation.Api.Controllers.MenuController.GetAll(String category, String tag, CancellationToken ct) in E:\IELTS\EXE201\CafeReservation\src\CafeReservation.Api\Controllers\MenuController.cs:line 20
   at Microsoft.AspNetCore.Mvc.Infrastructure.ActionMethodExecutor.TaskOfIActionResultExecutor.Execute(ActionContext actionContext, IActionResultTypeMapper mapper, ObjectMethodExecutor executor, Object controller, Object[] arguments)
   at Microsoft.AspNetCore.Mvc.Infrastructure.ControllerActionInvoker.<InvokeActionMethodAsync>g__Awaited|12_0(ControllerActionInvoker invoker, ValueTask`1 actionResultValueTask)
   at Microsoft.AspNetCore.Mvc.Infrastructure.ControllerActionInvoker.<InvokeNextActionFilterAsync>g__Awaited|10_0(ControllerActionInvoker invoker, Task lastTask, State next, Scope scope, Object state, Boolean isCompleted)
   at Microsoft.AspNetCore.Mvc.Infrastructure.ControllerActionInvoker.Rethrow(ActionExecutedContextSealed context)
   at Microsoft.AspNetCore.Mvc.Infrastructure.ControllerActionInvoker.Next(State& next, Scope& scope, Object& state, Boolean& isCompleted)
   at Microsoft.AspNetCore.Mvc.Infrastructure.ControllerActionInvoker.<InvokeInnerFilterAsync>g__Awaited|13_0(ControllerActionInvoker invoker, Task lastTask, State next, Scope scope, Object state, Boolean isCompleted)
   at Microsoft.AspNetCore.Mvc.Infrastructure.ResourceInvoker.<InvokeFilterPipelineAsync>g__Awaited|20_0(ResourceInvoker invoker, Task lastTask, State next, Scope scope, Object state, Boolean isCompleted)
   at Microsoft.AspNetCore.Mvc.Infrastructure.ResourceInvoker.<InvokeAsync>g__Logged|17_1(ResourceInvoker invoker)
   at Microsoft.AspNetCore.Mvc.Infrastructure.ResourceInvoker.<InvokeAsync>g__Logged|17_1(ResourceInvoker invoker)
   at Microsoft.AspNetCore.Routing.EndpointMiddleware.<Invoke>g__AwaitRequestTask|7_0(Endpoint endpoint, Task requestTask, ILogger logger)
   at Microsoft.AspNetCore.Authorization.AuthorizationMiddleware.Invoke(HttpContext context)
   at Microsoft.AspNetCore.Authentication.AuthenticationMiddleware.Invoke(HttpContext context)
   at Serilog.AspNetCore.RequestLoggingMiddleware.Invoke(HttpContext httpContext)
2026-06-06 18:19:33.928 +07:00 [INF] GET /api/public/menu responded 200 in 398ms
2026-06-06 18:19:33.934 +07:00 [ERR] Unhandled exception
System.Threading.Tasks.TaskCanceledException: A task was canceled.
   at Npgsql.Internal.NpgsqlWriteBuffer.Flush(Boolean async, CancellationToken cancellationToken)
   at Npgsql.Internal.NpgsqlConnector.<Open>g__OpenCore|213_1(NpgsqlConnector conn, SslMode sslMode, NpgsqlTimeout timeout, Boolean async, CancellationToken cancellationToken, Boolean isFirstAttempt)
   at Npgsql.Internal.NpgsqlConnector.Open(NpgsqlTimeout timeout, Boolean async, CancellationToken cancellationToken)
   at Npgsql.PoolingDataSource.OpenNewConnector(NpgsqlConnection conn, NpgsqlTimeout timeout, Boolean async, CancellationToken cancellationToken)
   at Npgsql.PoolingDataSource.<Get>g__RentAsync|33_0(NpgsqlConnection conn, NpgsqlTimeout timeout, Boolean async, CancellationToken cancellationToken)
   at Npgsql.NpgsqlConnection.<Open>g__OpenAsync|42_0(Boolean async, CancellationToken cancellationToken)
   at Microsoft.EntityFrameworkCore.Storage.RelationalConnection.OpenInternalAsync(Boolean errorsExpected, CancellationToken cancellationToken)
   at Microsoft.EntityFrameworkCore.Storage.RelationalConnection.OpenInternalAsync(Boolean errorsExpected, CancellationToken cancellationToken)
   at Microsoft.EntityFrameworkCore.Storage.RelationalConnection.OpenAsync(CancellationToken cancellationToken, Boolean errorsExpected)
   at Microsoft.EntityFrameworkCore.Storage.RelationalCommand.ExecuteReaderAsync(RelationalCommandParameterObject parameterObject, CancellationToken cancellationToken)
   at Microsoft.EntityFrameworkCore.Query.Internal.SingleQueryingEnumerable`1.AsyncEnumerator.InitializeReaderAsync(AsyncEnumerator enumerator, CancellationToken cancellationToken)
   at Npgsql.EntityFrameworkCore.PostgreSQL.Storage.Internal.NpgsqlExecutionStrategy.ExecuteAsync[TState,TResult](TState state, Func`4 operation, Func`4 verifySucceeded, CancellationToken cancellationToken)
   at Microsoft.EntityFrameworkCore.Query.Internal.SingleQueryingEnumerable`1.AsyncEnumerator.MoveNextAsync()
   at Microsoft.EntityFrameworkCore.EntityFrameworkQueryableExtensions.ToListAsync[TSource](IQueryable`1 source, CancellationToken cancellationToken)
   at Microsoft.EntityFrameworkCore.EntityFrameworkQueryableExtensions.ToListAsync[TSource](IQueryable`1 source, CancellationToken cancellationToken)
   at CafeReservation.Infrastructure.Services.MenuService.GetAllAsync(String category, String tag, CancellationToken ct) in E:\IELTS\EXE201\CafeReservation\src\CafeReservation.Infrastructure\Services\MenuService.cs:line 32
   at CafeReservation.Api.Controllers.MenuController.GetAll(String category, String tag, CancellationToken ct) in E:\IELTS\EXE201\CafeReservation\src\CafeReservation.Api\Controllers\MenuController.cs:line 20
   at Microsoft.AspNetCore.Mvc.Infrastructure.ActionMethodExecutor.TaskOfIActionResultExecutor.Execute(ActionContext actionContext, IActionResultTypeMapper mapper, ObjectMethodExecutor executor, Object controller, Object[] arguments)
   at Microsoft.AspNetCore.Mvc.Infrastructure.ControllerActionInvoker.<InvokeActionMethodAsync>g__Awaited|12_0(ControllerActionInvoker invoker, ValueTask`1 actionResultValueTask)
   at Microsoft.AspNetCore.Mvc.Infrastructure.ControllerActionInvoker.<InvokeNextActionFilterAsync>g__Awaited|10_0(ControllerActionInvoker invoker, Task lastTask, State next, Scope scope, Object state, Boolean isCompleted)
   at Microsoft.AspNetCore.Mvc.Infrastructure.ControllerActionInvoker.Rethrow(ActionExecutedContextSealed context)
   at Microsoft.AspNetCore.Mvc.Infrastructure.ControllerActionInvoker.Next(State& next, Scope& scope, Object& state, Boolean& isCompleted)
   at Microsoft.AspNetCore.Mvc.Infrastructure.ControllerActionInvoker.<InvokeInnerFilterAsync>g__Awaited|13_0(ControllerActionInvoker invoker, Task lastTask, State next, Scope scope, Object state, Boolean isCompleted)
   at Microsoft.AspNetCore.Mvc.Infrastructure.ResourceInvoker.<InvokeFilterPipelineAsync>g__Awaited|20_0(ResourceInvoker invoker, Task lastTask, State next, Scope scope, Object state, Boolean isCompleted)
   at Microsoft.AspNetCore.Mvc.Infrastructure.ResourceInvoker.<InvokeAsync>g__Logged|17_1(ResourceInvoker invoker)
   at Microsoft.AspNetCore.Mvc.Infrastructure.ResourceInvoker.<InvokeAsync>g__Logged|17_1(ResourceInvoker invoker)
   at Microsoft.AspNetCore.Routing.EndpointMiddleware.<Invoke>g__AwaitRequestTask|7_0(Endpoint endpoint, Task requestTask, ILogger logger)
   at Microsoft.AspNetCore.Authorization.AuthorizationMiddleware.Invoke(HttpContext context)
   at Microsoft.AspNetCore.Authentication.AuthenticationMiddleware.Invoke(HttpContext context)
   at Serilog.AspNetCore.RequestLoggingMiddleware.Invoke(HttpContext httpContext)
   at Swashbuckle.AspNetCore.SwaggerUI.SwaggerUIMiddleware.Invoke(HttpContext httpContext)
   at Swashbuckle.AspNetCore.Swagger.SwaggerMiddleware.Invoke(HttpContext httpContext, ISwaggerProvider swaggerProvider)
   at CafeReservation.Api.Middleware.RequestLoggingMiddleware.InvokeAsync(HttpContext context) in E:\IELTS\EXE201\CafeReservation\src\CafeReservation.Api\Middleware\RequestLoggingMiddleware.cs:line 22
   at CafeReservation.Api.Middleware.ExceptionMiddleware.InvokeAsync(HttpContext context) in E:\IELTS\EXE201\CafeReservation\src\CafeReservation.Api\Middleware\ExceptionMiddleware.cs:line 22
2026-06-06 18:19:33.965 +07:00 [INF] Request finished HTTP/1.1 GET http://localhost:52818/api/public/menu - 500 null application/json 443.8554ms
2026-06-06 18:19:34.091 +07:00 [INF] Request starting HTTP/1.1 GET http://localhost:52818/api/public/menu - null null
2026-06-06 18:19:34.091 +07:00 [INF] Request starting HTTP/1.1 GET http://localhost:52818/api/public/reviews - null null
2026-06-06 18:19:34.094 +07:00 [INF] CORS policy execution successful.
2026-06-06 18:19:34.097 +07:00 [INF] CORS policy execution successful.
2026-06-06 18:19:34.098 +07:00 [INF] Executing endpoint 'CafeReservation.Api.Controllers.MenuController.GetAll (CafeReservation.Api)'
2026-06-06 18:19:34.099 +07:00 [INF] Executing endpoint 'CafeReservation.Api.Controllers.ReviewController.GetReviews (CafeReservation.Api)'
2026-06-06 18:19:34.100 +07:00 [INF] Route matched with {action = "GetAll", controller = "Menu"}. Executing controller action with signature System.Threading.Tasks.Task`1[Microsoft.AspNetCore.Mvc.IActionResult] GetAll(System.String, System.String, System.Threading.CancellationToken) on controller CafeReservation.Api.Controllers.MenuController (CafeReservation.Api).
2026-06-06 18:19:34.101 +07:00 [INF] Route matched with {action = "GetReviews", controller = "Review"}. Executing controller action with signature System.Threading.Tasks.Task`1[Microsoft.AspNetCore.Mvc.IActionResult] GetReviews(System.Nullable`1[System.Guid], System.Threading.CancellationToken) on controller CafeReservation.Api.Controllers.ReviewController (CafeReservation.Api).
2026-06-06 18:19:34.198 +07:00 [INF] Executed DbCommand (93ms) [Parameters=[], CommandType='"Text"', CommandTimeout='60']
SELECT m."Id", m."Category", m."CreatedAt", m."Description", m."ImageUrl", m."IsActive", m."Name", m."Price", m."SalesCount", m."Tag"
FROM "MenuItems" AS m
WHERE m."IsActive"
2026-06-06 18:19:34.201 +07:00 [INF] Executing OkObjectResult, writing value of type 'System.Linq.Enumerable+SelectListIterator`2[[CafeReservation.Domain.Entities.MenuItem, CafeReservation.Domain, Version=1.0.0.0, Culture=neutral, PublicKeyToken=null],[CafeReservation.Application.DTOs.MenuItemDto, CafeReservation.Application, Version=1.0.0.0, Culture=neutral, PublicKeyToken=null]]'.
2026-06-06 18:19:34.218 +07:00 [INF] Executed action CafeReservation.Api.Controllers.MenuController.GetAll (CafeReservation.Api) in 114.8526ms
2026-06-06 18:19:34.220 +07:00 [INF] Executed endpoint 'CafeReservation.Api.Controllers.MenuController.GetAll (CafeReservation.Api)'
2026-06-06 18:19:34.222 +07:00 [INF] HTTP GET /api/public/menu responded 200 in 127.6221 ms
2026-06-06 18:19:34.222 +07:00 [INF] Request starting HTTP/1.1 GET http://localhost:52818/api/public/menu - null null
2026-06-06 18:19:34.225 +07:00 [INF] GET /api/public/menu responded 200 in 130ms
2026-06-06 18:19:34.227 +07:00 [INF] CORS policy execution successful.
2026-06-06 18:19:34.229 +07:00 [INF] Request finished HTTP/1.1 GET http://localhost:52818/api/public/menu - 200 null application/json; charset=utf-8 138.0263ms
2026-06-06 18:19:34.230 +07:00 [INF] Executing endpoint 'CafeReservation.Api.Controllers.MenuController.GetAll (CafeReservation.Api)'
2026-06-06 18:19:34.236 +07:00 [INF] Route matched with {action = "GetAll", controller = "Menu"}. Executing controller action with signature System.Threading.Tasks.Task`1[Microsoft.AspNetCore.Mvc.IActionResult] GetAll(System.String, System.String, System.Threading.CancellationToken) on controller CafeReservation.Api.Controllers.MenuController (CafeReservation.Api).
2026-06-06 18:19:34.332 +07:00 [INF] Executed DbCommand (92ms) [Parameters=[], CommandType='"Text"', CommandTimeout='60']
SELECT m."Id", m."Category", m."CreatedAt", m."Description", m."ImageUrl", m."IsActive", m."Name", m."Price", m."SalesCount", m."Tag"
FROM "MenuItems" AS m
WHERE m."IsActive"
2026-06-06 18:19:34.336 +07:00 [INF] Executing OkObjectResult, writing value of type 'System.Linq.Enumerable+SelectListIterator`2[[CafeReservation.Domain.Entities.MenuItem, CafeReservation.Domain, Version=1.0.0.0, Culture=neutral, PublicKeyToken=null],[CafeReservation.Application.DTOs.MenuItemDto, CafeReservation.Application, Version=1.0.0.0, Culture=neutral, PublicKeyToken=null]]'.
2026-06-06 18:19:34.339 +07:00 [INF] Executed action CafeReservation.Api.Controllers.MenuController.GetAll (CafeReservation.Api) in 101.4146ms
2026-06-06 18:19:34.342 +07:00 [INF] Executed endpoint 'CafeReservation.Api.Controllers.MenuController.GetAll (CafeReservation.Api)'
2026-06-06 18:19:34.345 +07:00 [INF] HTTP GET /api/public/menu responded 200 in 117.3405 ms
2026-06-06 18:19:34.348 +07:00 [INF] GET /api/public/menu responded 200 in 120ms
2026-06-06 18:19:34.351 +07:00 [INF] Request finished HTTP/1.1 GET http://localhost:52818/api/public/menu - 200 null application/json; charset=utf-8 129.6609ms
2026-06-06 18:19:34.773 +07:00 [INF] Executed DbCommand (92ms) [Parameters=[], CommandType='"Text"', CommandTimeout='60']
SELECT r."Id", r."Comment", r."CreatedAt", r."GuestEmail", r."GuestName", r."GuestPhone", r."MenuItemId", r."Rating", r."Reply", r."ReplyAt"
FROM "Reviews" AS r
ORDER BY r."CreatedAt" DESC
2026-06-06 18:19:34.777 +07:00 [INF] Executing OkObjectResult, writing value of type 'System.Linq.Enumerable+SelectListIterator`2[[CafeReservation.Domain.Entities.Review, CafeReservation.Domain, Version=1.0.0.0, Culture=neutral, PublicKeyToken=null],[CafeReservation.Application.DTOs.ReviewDto, CafeReservation.Application, Version=1.0.0.0, Culture=neutral, PublicKeyToken=null]]'.
2026-06-06 18:19:34.779 +07:00 [INF] Executed action CafeReservation.Api.Controllers.ReviewController.GetReviews (CafeReservation.Api) in 674.2754ms
2026-06-06 18:19:34.780 +07:00 [INF] Request starting HTTP/1.1 GET http://localhost:52818/api/public/reviews - null null
2026-06-06 18:19:34.781 +07:00 [INF] Executed endpoint 'CafeReservation.Api.Controllers.ReviewController.GetReviews (CafeReservation.Api)'
2026-06-06 18:19:34.785 +07:00 [INF] CORS policy execution successful.
2026-06-06 18:19:34.786 +07:00 [INF] HTTP GET /api/public/reviews responded 200 in 688.6216 ms
2026-06-06 18:19:34.787 +07:00 [INF] Executing endpoint 'CafeReservation.Api.Controllers.ReviewController.GetReviews (CafeReservation.Api)'
2026-06-06 18:19:34.790 +07:00 [INF] GET /api/public/reviews responded 200 in 692ms
2026-06-06 18:19:34.791 +07:00 [INF] Route matched with {action = "GetReviews", controller = "Review"}. Executing controller action with signature System.Threading.Tasks.Task`1[Microsoft.AspNetCore.Mvc.IActionResult] GetReviews(System.Nullable`1[System.Guid], System.Threading.CancellationToken) on controller CafeReservation.Api.Controllers.ReviewController (CafeReservation.Api).
2026-06-06 18:19:34.793 +07:00 [INF] Request finished HTTP/1.1 GET http://localhost:52818/api/public/reviews - 200 null application/json; charset=utf-8 702.325ms
2026-06-06 18:19:34.889 +07:00 [INF] Executed DbCommand (92ms) [Parameters=[], CommandType='"Text"', CommandTimeout='60']
SELECT r."Id", r."Comment", r."CreatedAt", r."GuestEmail", r."GuestName", r."GuestPhone", r."MenuItemId", r."Rating", r."Reply", r."ReplyAt"
FROM "Reviews" AS r
ORDER BY r."CreatedAt" DESC
2026-06-06 18:19:34.896 +07:00 [INF] Executing OkObjectResult, writing value of type 'System.Linq.Enumerable+SelectListIterator`2[[CafeReservation.Domain.Entities.Review, CafeReservation.Domain, Version=1.0.0.0, Culture=neutral, PublicKeyToken=null],[CafeReservation.Application.DTOs.ReviewDto, CafeReservation.Application, Version=1.0.0.0, Culture=neutral, PublicKeyToken=null]]'.
2026-06-06 18:19:34.900 +07:00 [INF] Executed action CafeReservation.Api.Controllers.ReviewController.GetReviews (CafeReservation.Api) in 103.8579ms
2026-06-06 18:19:34.902 +07:00 [INF] Request starting HTTP/1.1 GET http://localhost:52818/api/public/reviews - null null
2026-06-06 18:19:34.904 +07:00 [INF] Executed endpoint 'CafeReservation.Api.Controllers.ReviewController.GetReviews (CafeReservation.Api)'
2026-06-06 18:19:34.912 +07:00 [INF] CORS policy execution successful.
2026-06-06 18:19:34.914 +07:00 [INF] HTTP GET /api/public/reviews responded 200 in 129.6717 ms
2026-06-06 18:19:34.917 +07:00 [INF] Executing endpoint 'CafeReservation.Api.Controllers.ReviewController.GetReviews (CafeReservation.Api)'
2026-06-06 18:19:34.921 +07:00 [INF] GET /api/public/reviews responded 200 in 136ms
2026-06-06 18:19:34.924 +07:00 [INF] Route matched with {action = "GetReviews", controller = "Review"}. Executing controller action with signature System.Threading.Tasks.Task`1[Microsoft.AspNetCore.Mvc.IActionResult] GetReviews(System.Nullable`1[System.Guid], System.Threading.CancellationToken) on controller CafeReservation.Api.Controllers.ReviewController (CafeReservation.Api).
2026-06-06 18:19:34.929 +07:00 [INF] Request finished HTTP/1.1 GET http://localhost:52818/api/public/reviews - 200 null application/json; charset=utf-8 148.2126ms
2026-06-06 18:19:35.026 +07:00 [INF] Executed DbCommand (91ms) [Parameters=[], CommandType='"Text"', CommandTimeout='60']
SELECT r."Id", r."Comment", r."CreatedAt", r."GuestEmail", r."GuestName", r."GuestPhone", r."MenuItemId", r."Rating", r."Reply", r."ReplyAt"
FROM "Reviews" AS r
ORDER BY r."CreatedAt" DESC
2026-06-06 18:19:35.030 +07:00 [INF] Executing OkObjectResult, writing value of type 'System.Linq.Enumerable+SelectListIterator`2[[CafeReservation.Domain.Entities.Review, CafeReservation.Domain, Version=1.0.0.0, Culture=neutral, PublicKeyToken=null],[CafeReservation.Application.DTOs.ReviewDto, CafeReservation.Application, Version=1.0.0.0, Culture=neutral, PublicKeyToken=null]]'.
2026-06-06 18:19:35.032 +07:00 [INF] Executed action CafeReservation.Api.Controllers.ReviewController.GetReviews (CafeReservation.Api) in 99.4261ms
2026-06-06 18:19:35.034 +07:00 [INF] Request starting HTTP/1.1 GET http://localhost:52818/api/public/reviews - null null
2026-06-06 18:19:35.035 +07:00 [INF] Executed endpoint 'CafeReservation.Api.Controllers.ReviewController.GetReviews (CafeReservation.Api)'
2026-06-06 18:19:35.039 +07:00 [INF] CORS policy execution successful.
2026-06-06 18:19:35.040 +07:00 [INF] HTTP GET /api/public/reviews responded 200 in 128.1267 ms
2026-06-06 18:19:35.041 +07:00 [INF] Executing endpoint 'CafeReservation.Api.Controllers.ReviewController.GetReviews (CafeReservation.Api)'
2026-06-06 18:19:35.043 +07:00 [INF] GET /api/public/reviews responded 200 in 131ms
2026-06-06 18:19:35.045 +07:00 [INF] Route matched with {action = "GetReviews", controller = "Review"}. Executing controller action with signature System.Threading.Tasks.Task`1[Microsoft.AspNetCore.Mvc.IActionResult] GetReviews(System.Nullable`1[System.Guid], System.Threading.CancellationToken) on controller CafeReservation.Api.Controllers.ReviewController (CafeReservation.Api).
2026-06-06 18:19:35.048 +07:00 [INF] Request finished HTTP/1.1 GET http://localhost:52818/api/public/reviews - 200 null application/json; charset=utf-8 146.0633ms
2026-06-06 18:19:35.143 +07:00 [INF] Executed DbCommand (92ms) [Parameters=[], CommandType='"Text"', CommandTimeout='60']
SELECT r."Id", r."Comment", r."CreatedAt", r."GuestEmail", r."GuestName", r."GuestPhone", r."MenuItemId", r."Rating", r."Reply", r."ReplyAt"
FROM "Reviews" AS r
ORDER BY r."CreatedAt" DESC
2026-06-06 18:19:35.149 +07:00 [INF] Executing OkObjectResult, writing value of type 'System.Linq.Enumerable+SelectListIterator`2[[CafeReservation.Domain.Entities.Review, CafeReservation.Domain, Version=1.0.0.0, Culture=neutral, PublicKeyToken=null],[CafeReservation.Application.DTOs.ReviewDto, CafeReservation.Application, Version=1.0.0.0, Culture=neutral, PublicKeyToken=null]]'.
2026-06-06 18:19:35.153 +07:00 [INF] Executed action CafeReservation.Api.Controllers.ReviewController.GetReviews (CafeReservation.Api) in 103.199ms
2026-06-06 18:19:35.158 +07:00 [INF] Executed endpoint 'CafeReservation.Api.Controllers.ReviewController.GetReviews (CafeReservation.Api)'
2026-06-06 18:19:35.161 +07:00 [INF] HTTP GET /api/public/reviews responded 200 in 122.1822 ms
2026-06-06 18:19:35.165 +07:00 [INF] GET /api/public/reviews responded 200 in 126ms
2026-06-06 18:19:35.169 +07:00 [INF] Request finished HTTP/1.1 GET http://localhost:52818/api/public/reviews - 200 null application/json; charset=utf-8 135.2704ms
