2026-06-16 16:00:13.079 +07:00 [INF] Executed DbCommand (145ms) [Parameters=[], CommandType='"Text"', CommandTimeout='60']
SELECT EXISTS (
    SELECT 1 FROM pg_catalog.pg_class c
    JOIN pg_catalog.pg_namespace n ON n.oid=c.relnamespace
    WHERE n.nspname='public' AND
          c.relname='__EFMigrationsHistory'
)
2026-06-16 16:00:13.240 +07:00 [INF] Executed DbCommand (101ms) [Parameters=[], CommandType='"Text"', CommandTimeout='60']
SELECT "MigrationId", "ProductVersion"
FROM "__EFMigrationsHistory"
ORDER BY "MigrationId";
2026-06-16 16:00:13.945 +07:00 [INF] Executed DbCommand (96ms) [Parameters=[], CommandType='"Text"', CommandTimeout='60']
SELECT EXISTS (
    SELECT 1 FROM pg_catalog.pg_class c
    JOIN pg_catalog.pg_namespace n ON n.oid=c.relnamespace
    WHERE n.nspname='public' AND
          c.relname='__EFMigrationsHistory'
)
2026-06-16 16:00:14.622 +07:00 [INF] Executed DbCommand (98ms) [Parameters=[], CommandType='"Text"', CommandTimeout='60']
SELECT EXISTS (
    SELECT 1 FROM pg_catalog.pg_class c
    JOIN pg_catalog.pg_namespace n ON n.oid=c.relnamespace
    WHERE n.nspname='public' AND
          c.relname='__EFMigrationsHistory'
)
2026-06-16 16:00:14.718 +07:00 [INF] Executed DbCommand (95ms) [Parameters=[], CommandType='"Text"', CommandTimeout='60']
SELECT "MigrationId", "ProductVersion"
FROM "__EFMigrationsHistory"
ORDER BY "MigrationId";
2026-06-16 16:00:14.729 +07:00 [INF] Applying migration '20260616085943_AddReservationStatusRefactor'.
2026-06-16 16:00:14.880 +07:00 [INF] Executed DbCommand (105ms) [Parameters=[], CommandType='"Text"', CommandTimeout='60']
DROP INDEX ix_reservations_unique_table_slot;
2026-06-16 16:00:14.978 +07:00 [INF] Executed DbCommand (98ms) [Parameters=[], CommandType='"Text"', CommandTimeout='60']
ALTER TABLE users ADD password_reset_token character varying(512);
2026-06-16 16:00:15.074 +07:00 [INF] Executed DbCommand (95ms) [Parameters=[], CommandType='"Text"', CommandTimeout='60']
ALTER TABLE users ADD password_reset_token_expiry timestamp with time zone;
2026-06-16 16:00:15.175 +07:00 [INF] Executed DbCommand (101ms) [Parameters=[], CommandType='"Text"', CommandTimeout='60']
ALTER TABLE reservations ADD check_in_image_url character varying(1000);
2026-06-16 16:00:15.271 +07:00 [INF] Executed DbCommand (96ms) [Parameters=[], CommandType='"Text"', CommandTimeout='60']
ALTER TABLE reservations ADD checked_in_at timestamp with time zone;
2026-06-16 16:00:15.368 +07:00 [INF] Executed DbCommand (97ms) [Parameters=[], CommandType='"Text"', CommandTimeout='60']
ALTER TABLE reservations ADD checked_in_by character varying(200);
2026-06-16 16:00:15.464 +07:00 [INF] Executed DbCommand (96ms) [Parameters=[], CommandType='"Text"', CommandTimeout='60']
ALTER TABLE reservations ADD confirmed_at timestamp with time zone;
2026-06-16 16:00:15.560 +07:00 [INF] Executed DbCommand (95ms) [Parameters=[], CommandType='"Text"', CommandTimeout='60']
ALTER TABLE reservations ADD confirmed_by character varying(200);
2026-06-16 16:00:15.665 +07:00 [INF] Executed DbCommand (105ms) [Parameters=[], CommandType='"Text"', CommandTimeout='60']
CREATE UNIQUE INDEX ix_reservations_unique_table_slot ON reservations (table_name, reservation_date, start_time) WHERE status IN (0, 4, 5) AND table_name IS NOT NULL;
2026-06-16 16:00:15.761 +07:00 [INF] Executed DbCommand (96ms) [Parameters=[], CommandType='"Text"', CommandTimeout='60']
INSERT INTO "__EFMigrationsHistory" ("MigrationId", "ProductVersion")
VALUES ('20260616085943_AddReservationStatusRefactor', '8.0.11');
2026-06-16 16:08:01.764 +07:00 [INF] Executed DbCommand (139ms) [Parameters=[], CommandType='"Text"', CommandTimeout='60']
SELECT EXISTS (
    SELECT 1 FROM pg_catalog.pg_class c
    JOIN pg_catalog.pg_namespace n ON n.oid=c.relnamespace
    WHERE n.nspname='public' AND
          c.relname='__EFMigrationsHistory'
)
2026-06-16 16:08:01.915 +07:00 [INF] Executed DbCommand (98ms) [Parameters=[], CommandType='"Text"', CommandTimeout='60']
SELECT "MigrationId", "ProductVersion"
FROM "__EFMigrationsHistory"
ORDER BY "MigrationId";
2026-06-16 16:08:02.607 +07:00 [INF] Executed DbCommand (95ms) [Parameters=[], CommandType='"Text"', CommandTimeout='60']
SELECT EXISTS (
    SELECT 1 FROM pg_catalog.pg_class c
    JOIN pg_catalog.pg_namespace n ON n.oid=c.relnamespace
    WHERE n.nspname='public' AND
          c.relname='__EFMigrationsHistory'
)
2026-06-16 16:08:03.287 +07:00 [INF] Executed DbCommand (96ms) [Parameters=[], CommandType='"Text"', CommandTimeout='60']
SELECT EXISTS (
    SELECT 1 FROM pg_catalog.pg_class c
    JOIN pg_catalog.pg_namespace n ON n.oid=c.relnamespace
    WHERE n.nspname='public' AND
          c.relname='__EFMigrationsHistory'
)
2026-06-16 16:08:03.391 +07:00 [INF] Executed DbCommand (96ms) [Parameters=[], CommandType='"Text"', CommandTimeout='60']
SELECT "MigrationId", "ProductVersion"
FROM "__EFMigrationsHistory"
ORDER BY "MigrationId";
2026-06-16 16:08:03.402 +07:00 [INF] No migrations were applied. The database is already up to date.
2026-06-16 16:08:03.412 +07:00 [INF] Database migration completed successfully.
2026-06-16 16:08:03.677 +07:00 [INF] Executed DbCommand (102ms) [Parameters=[], CommandType='"Text"', CommandTimeout='60']
SELECT EXISTS (
    SELECT 1
    FROM users AS u
    WHERE u.email = 'admin@yakicafe.com')
2026-06-16 16:08:03.781 +07:00 [INF] Executed DbCommand (95ms) [Parameters=[], CommandType='"Text"', CommandTimeout='60']
SELECT EXISTS (
    SELECT 1
    FROM users AS u
    WHERE u.email = 'staff@yakicafe.com')
2026-06-16 16:08:03.881 +07:00 [INF] Executed DbCommand (95ms) [Parameters=[], CommandType='"Text"', CommandTimeout='60']
SELECT EXISTS (
    SELECT 1
    FROM users AS u
    WHERE u.email = 'manager@yakicafe.com')
2026-06-16 16:08:03.984 +07:00 [INF] Executed DbCommand (97ms) [Parameters=[], CommandType='"Text"', CommandTimeout='60']
SELECT EXISTS (
    SELECT 1
    FROM seating_areas AS s)
2026-06-16 16:08:03.991 +07:00 [WRN] The query uses the 'First'/'FirstOrDefault' operator without 'OrderBy' and filter operators. This may lead to unpredictable results.
2026-06-16 16:08:04.115 +07:00 [INF] Executed DbCommand (98ms) [Parameters=[], CommandType='"Text"', CommandTimeout='60']
SELECT r."Id", r."Address", r."MapUrl", r."OpeningHours", r."Phone", r."UpdatedAt"
FROM "RestaurantInfo" AS r
LIMIT 1
2026-06-16 16:08:04.157 +07:00 [INF] Updated restaurant info for Yakishime Cần Thơ
2026-06-16 16:08:04.265 +07:00 [INF] Executed DbCommand (100ms) [Parameters=[], CommandType='"Text"', CommandTimeout='60']
SELECT m."Id", m."Category", m."CreatedAt", m."Description", m."ImageUrl", m."IsActive", m."Name", m."Price", m."SalesCount", m."Tag"
FROM "MenuItems" AS m
2026-06-16 16:08:04.479 +07:00 [INF] Executed DbCommand (114ms) [Parameters=[@p9='?' (DbType = Guid), @p0='?' (DbType = Int32), @p1='?' (DbType = DateTime), @p2='?', @p3='?', @p4='?' (DbType = Boolean), @p5='?', @p6='?' (DbType = Decimal), @p7='?' (DbType = Int32), @p8='?' (DbType = Int32), @p19='?' (DbType = Guid), @p10='?' (DbType = Int32), @p11='?' (DbType = DateTime), @p12='?', @p13='?', @p14='?' (DbType = Boolean), @p15='?', @p16='?' (DbType = Decimal), @p17='?' (DbType = Int32), @p18='?' (DbType = Int32), @p29='?' (DbType = Guid), @p20='?' (DbType = Int32), @p21='?' (DbType = DateTime), @p22='?', @p23='?', @p24='?' (DbType = Boolean), @p25='?', @p26='?' (DbType = Decimal), @p27='?' (DbType = Int32), @p28='?' (DbType = Int32), @p39='?' (DbType = Guid), @p30='?' (DbType = Int32), @p31='?' (DbType = DateTime), @p32='?', @p33='?', @p34='?' (DbType = Boolean), @p35='?', @p36='?' (DbType = Decimal), @p37='?' (DbType = Int32), @p38='?' (DbType = Int32), @p49='?' (DbType = Guid), @p40='?' (DbType = Int32), @p41='?' (DbType = DateTime), @p42='?', @p43='?', @p44='?' (DbType = Boolean), @p45='?', @p46='?' (DbType = Decimal), @p47='?' (DbType = Int32), @p48='?' (DbType = Int32), @p59='?' (DbType = Guid), @p50='?' (DbType = Int32), @p51='?' (DbType = DateTime), @p52='?', @p53='?', @p54='?' (DbType = Boolean), @p55='?', @p56='?' (DbType = Decimal), @p57='?' (DbType = Int32), @p58='?' (DbType = Int32), @p69='?' (DbType = Guid), @p60='?' (DbType = Int32), @p61='?' (DbType = DateTime), @p62='?', @p63='?', @p64='?' (DbType = Boolean), @p65='?', @p66='?' (DbType = Decimal), @p67='?' (DbType = Int32), @p68='?' (DbType = Int32), @p75='?' (DbType = Guid), @p70='?', @p71='?', @p72='?', @p73='?', @p74='?' (DbType = DateTime)], CommandType='"Text"', CommandTimeout='60']
UPDATE "MenuItems" SET "Category" = @p0, "CreatedAt" = @p1, "Description" = @p2, "ImageUrl" = @p3, "IsActive" = @p4, "Name" = @p5, "Price" = @p6, "SalesCount" = @p7, "Tag" = @p8
WHERE "Id" = @p9;
UPDATE "MenuItems" SET "Category" = @p10, "CreatedAt" = @p11, "Description" = @p12, "ImageUrl" = @p13, "IsActive" = @p14, "Name" = @p15, "Price" = @p16, "SalesCount" = @p17, "Tag" = @p18
WHERE "Id" = @p19;
UPDATE "MenuItems" SET "Category" = @p20, "CreatedAt" = @p21, "Description" = @p22, "ImageUrl" = @p23, "IsActive" = @p24, "Name" = @p25, "Price" = @p26, "SalesCount" = @p27, "Tag" = @p28
WHERE "Id" = @p29;
UPDATE "MenuItems" SET "Category" = @p30, "CreatedAt" = @p31, "Description" = @p32, "ImageUrl" = @p33, "IsActive" = @p34, "Name" = @p35, "Price" = @p36, "SalesCount" = @p37, "Tag" = @p38
WHERE "Id" = @p39;
UPDATE "MenuItems" SET "Category" = @p40, "CreatedAt" = @p41, "Description" = @p42, "ImageUrl" = @p43, "IsActive" = @p44, "Name" = @p45, "Price" = @p46, "SalesCount" = @p47, "Tag" = @p48
WHERE "Id" = @p49;
UPDATE "MenuItems" SET "Category" = @p50, "CreatedAt" = @p51, "Description" = @p52, "ImageUrl" = @p53, "IsActive" = @p54, "Name" = @p55, "Price" = @p56, "SalesCount" = @p57, "Tag" = @p58
WHERE "Id" = @p59;
UPDATE "MenuItems" SET "Category" = @p60, "CreatedAt" = @p61, "Description" = @p62, "ImageUrl" = @p63, "IsActive" = @p64, "Name" = @p65, "Price" = @p66, "SalesCount" = @p67, "Tag" = @p68
WHERE "Id" = @p69;
UPDATE "RestaurantInfo" SET "Address" = @p70, "MapUrl" = @p71, "OpeningHours" = @p72, "Phone" = @p73, "UpdatedAt" = @p74
WHERE "Id" = @p75;
2026-06-16 16:08:04.589 +07:00 [INF] Synced 7 menu items in database
2026-06-16 16:08:04.594 +07:00 [INF] Data seeding completed.
2026-06-16 16:08:04.723 +07:00 [INF] User profile is available. Using 'C:\Users\thien\AppData\Local\ASP.NET\DataProtection-Keys' as key repository and Windows DPAPI to encrypt keys at rest.
2026-06-16 16:08:04.729 +07:00 [INF] AutoCancelReservationWorker started. Checks every 1 minute for NoShow reservations.
2026-06-16 16:08:04.890 +07:00 [INF] Executed DbCommand (99ms) [Parameters=[@__date_Value_0='?' (DbType = Date), @__parsedStatus_1='?' (DbType = Int32)], CommandType='"Text"', CommandTimeout='60']
SELECT count(*)::int
FROM reservations AS r
WHERE r.reservation_date = @__date_Value_0 AND r.status = @__parsedStatus_1
2026-06-16 16:08:04.961 +07:00 [WRN] The ASP.NET Core developer certificate is not trusted. For information about trusting the ASP.NET Core developer certificate, see https://aka.ms/aspnet/https-trust-dev-cert.
2026-06-16 16:08:04.970 +07:00 [INF] Now listening on: https://localhost:52817
2026-06-16 16:08:04.971 +07:00 [INF] Now listening on: http://localhost:52818
2026-06-16 16:08:04.972 +07:00 [INF] Application started. Press Ctrl+C to shut down.
2026-06-16 16:08:04.972 +07:00 [INF] Hosting environment: Development
2026-06-16 16:08:04.973 +07:00 [INF] Content root path: D:\EXE201\CafeReservation\src\CafeReservation.Api
2026-06-16 16:08:05.038 +07:00 [INF] Executed DbCommand (97ms) [Parameters=[@__date_Value_0='?' (DbType = Date), @__parsedStatus_1='?' (DbType = Int32), @__p_3='?' (DbType = Int32), @__p_2='?' (DbType = Int32)], CommandType='"Text"', CommandTimeout='60']
SELECT t.id, t.check_in_image_url, t.checked_in_at, t.checked_in_by, t.confirmed_at, t.confirmed_by, t.created_at, t.end_time, t.guest_count, t.guest_email, t.guest_name, t.guest_phone, t.reservation_code, t.reservation_date, t.seating_area_id, t.special_note, t.start_time, t.status, t.table_name, s.id, s.area, s.description, s.is_active, s.preview_image, s.reservable_tables, s.table_type, s.total_tables
FROM (
    SELECT r.id, r.check_in_image_url, r.checked_in_at, r.checked_in_by, r.confirmed_at, r.confirmed_by, r.created_at, r.end_time, r.guest_count, r.guest_email, r.guest_name, r.guest_phone, r.reservation_code, r.reservation_date, r.seating_area_id, r.special_note, r.start_time, r.status, r.table_name
    FROM reservations AS r
    WHERE r.reservation_date = @__date_Value_0 AND r.status = @__parsedStatus_1
    ORDER BY r.reservation_date DESC, r.start_time DESC
    LIMIT @__p_3 OFFSET @__p_2
) AS t
INNER JOIN seating_areas AS s ON t.seating_area_id = s.id
ORDER BY t.reservation_date DESC, t.start_time DESC
2026-06-16 16:08:05.088 +07:00 [INF] Marking reservation YAKI-9618 as NoShow – guest didn't arrive within 45 mins of "13:00:00.0000000" (VN time)
2026-06-16 16:08:05.138 +07:00 [INF] Marking reservation YAKI-3496 as NoShow – guest didn't arrive within 45 mins of "13:00:00.0000000" (VN time)
2026-06-16 16:08:05.276 +07:00 [INF] Executed DbCommand (99ms) [Parameters=[@p18='?' (DbType = Guid), @p0='?', @p1='?' (DbType = DateTime), @p2='?', @p3='?' (DbType = DateTime), @p4='?', @p5='?' (DbType = DateTime), @p6='?' (DbType = Time), @p7='?' (DbType = Int32), @p8='?', @p9='?', @p10='?', @p11='?', @p12='?' (DbType = Date), @p13='?' (DbType = Guid), @p14='?', @p15='?' (DbType = Time), @p16='?' (DbType = Int32), @p17='?', @p37='?' (DbType = Guid), @p19='?', @p20='?' (DbType = DateTime), @p21='?', @p22='?' (DbType = DateTime), @p23='?', @p24='?' (DbType = DateTime), @p25='?' (DbType = Time), @p26='?' (DbType = Int32), @p27='?', @p28='?', @p29='?', @p30='?', @p31='?' (DbType = Date), @p32='?' (DbType = Guid), @p33='?', @p34='?' (DbType = Time), @p35='?' (DbType = Int32), @p36='?'], CommandType='"Text"', CommandTimeout='60']
UPDATE reservations SET check_in_image_url = @p0, checked_in_at = @p1, checked_in_by = @p2, confirmed_at = @p3, confirmed_by = @p4, created_at = @p5, end_time = @p6, guest_count = @p7, guest_email = @p8, guest_name = @p9, guest_phone = @p10, reservation_code = @p11, reservation_date = @p12, seating_area_id = @p13, special_note = @p14, start_time = @p15, status = @p16, table_name = @p17
WHERE id = @p18;
UPDATE reservations SET check_in_image_url = @p19, checked_in_at = @p20, checked_in_by = @p21, confirmed_at = @p22, confirmed_by = @p23, created_at = @p24, end_time = @p25, guest_count = @p26, guest_email = @p27, guest_name = @p28, guest_phone = @p29, reservation_code = @p30, reservation_date = @p31, seating_area_id = @p32, special_note = @p33, start_time = @p34, status = @p35, table_name = @p36
WHERE id = @p37;
2026-06-16 16:08:05.747 +07:00 [INF] Email sent successfully via Brevo
2026-06-16 16:08:05.797 +07:00 [INF] Email sent successfully via Brevo
2026-06-16 16:09:05.559 +07:00 [INF] Executed DbCommand (95ms) [Parameters=[@__date_Value_0='?' (DbType = Date), @__parsedStatus_1='?' (DbType = Int32)], CommandType='"Text"', CommandTimeout='60']
SELECT count(*)::int
FROM reservations AS r
WHERE r.reservation_date = @__date_Value_0 AND r.status = @__parsedStatus_1
2026-06-16 16:09:05.660 +07:00 [INF] Executed DbCommand (96ms) [Parameters=[@__date_Value_0='?' (DbType = Date), @__parsedStatus_1='?' (DbType = Int32), @__p_3='?' (DbType = Int32), @__p_2='?' (DbType = Int32)], CommandType='"Text"', CommandTimeout='60']
SELECT t.id, t.check_in_image_url, t.checked_in_at, t.checked_in_by, t.confirmed_at, t.confirmed_by, t.created_at, t.end_time, t.guest_count, t.guest_email, t.guest_name, t.guest_phone, t.reservation_code, t.reservation_date, t.seating_area_id, t.special_note, t.start_time, t.status, t.table_name, s.id, s.area, s.description, s.is_active, s.preview_image, s.reservable_tables, s.table_type, s.total_tables
FROM (
    SELECT r.id, r.check_in_image_url, r.checked_in_at, r.checked_in_by, r.confirmed_at, r.confirmed_by, r.created_at, r.end_time, r.guest_count, r.guest_email, r.guest_name, r.guest_phone, r.reservation_code, r.reservation_date, r.seating_area_id, r.special_note, r.start_time, r.status, r.table_name
    FROM reservations AS r
    WHERE r.reservation_date = @__date_Value_0 AND r.status = @__parsedStatus_1
    ORDER BY r.reservation_date DESC, r.start_time DESC
    LIMIT @__p_3 OFFSET @__p_2
) AS t
INNER JOIN seating_areas AS s ON t.seating_area_id = s.id
ORDER BY t.reservation_date DESC, t.start_time DESC
2026-06-16 16:10:05.790 +07:00 [INF] Executed DbCommand (95ms) [Parameters=[@__date_Value_0='?' (DbType = Date), @__parsedStatus_1='?' (DbType = Int32)], CommandType='"Text"', CommandTimeout='60']
SELECT count(*)::int
FROM reservations AS r
WHERE r.reservation_date = @__date_Value_0 AND r.status = @__parsedStatus_1
2026-06-16 16:10:05.888 +07:00 [INF] Executed DbCommand (96ms) [Parameters=[@__date_Value_0='?' (DbType = Date), @__parsedStatus_1='?' (DbType = Int32), @__p_3='?' (DbType = Int32), @__p_2='?' (DbType = Int32)], CommandType='"Text"', CommandTimeout='60']
SELECT t.id, t.check_in_image_url, t.checked_in_at, t.checked_in_by, t.confirmed_at, t.confirmed_by, t.created_at, t.end_time, t.guest_count, t.guest_email, t.guest_name, t.guest_phone, t.reservation_code, t.reservation_date, t.seating_area_id, t.special_note, t.start_time, t.status, t.table_name, s.id, s.area, s.description, s.is_active, s.preview_image, s.reservable_tables, s.table_type, s.total_tables
FROM (
    SELECT r.id, r.check_in_image_url, r.checked_in_at, r.checked_in_by, r.confirmed_at, r.confirmed_by, r.created_at, r.end_time, r.guest_count, r.guest_email, r.guest_name, r.guest_phone, r.reservation_code, r.reservation_date, r.seating_area_id, r.special_note, r.start_time, r.status, r.table_name
    FROM reservations AS r
    WHERE r.reservation_date = @__date_Value_0 AND r.status = @__parsedStatus_1
    ORDER BY r.reservation_date DESC, r.start_time DESC
    LIMIT @__p_3 OFFSET @__p_2
) AS t
INNER JOIN seating_areas AS s ON t.seating_area_id = s.id
ORDER BY t.reservation_date DESC, t.start_time DESC
2026-06-16 16:10:59.832 +07:00 [INF] Request starting HTTP/1.1 OPTIONS http://localhost:52818/api/public/feedbacks/my - null null
2026-06-16 16:10:59.832 +07:00 [INF] Request starting HTTP/1.1 OPTIONS http://localhost:52818/api/auth/me - null null
2026-06-16 16:10:59.832 +07:00 [INF] Request starting HTTP/1.1 OPTIONS http://localhost:52818/api/auth/me - null null
2026-06-16 16:10:59.905 +07:00 [INF] CORS policy execution successful.
2026-06-16 16:10:59.905 +07:00 [INF] CORS policy execution successful.
2026-06-16 16:10:59.905 +07:00 [INF] CORS policy execution successful.
2026-06-16 16:10:59.911 +07:00 [INF] HTTP OPTIONS /api/auth/me responded 204 in 4.4793 ms
2026-06-16 16:10:59.911 +07:00 [INF] HTTP OPTIONS /api/public/feedbacks/my responded 204 in 4.4982 ms
2026-06-16 16:10:59.911 +07:00 [INF] HTTP OPTIONS /api/auth/me responded 204 in 5.2615 ms
2026-06-16 16:10:59.917 +07:00 [INF] OPTIONS /api/auth/me responded 204 in 32ms
2026-06-16 16:10:59.918 +07:00 [INF] OPTIONS /api/public/feedbacks/my responded 204 in 36ms
2026-06-16 16:10:59.919 +07:00 [INF] OPTIONS /api/auth/me responded 204 in 38ms
2026-06-16 16:10:59.932 +07:00 [INF] Request finished HTTP/1.1 OPTIONS http://localhost:52818/api/public/feedbacks/my - 204 null null 103.5654ms
2026-06-16 16:10:59.932 +07:00 [INF] Request finished HTTP/1.1 OPTIONS http://localhost:52818/api/auth/me - 204 null null 103.5637ms
2026-06-16 16:10:59.932 +07:00 [INF] Request finished HTTP/1.1 OPTIONS http://localhost:52818/api/auth/me - 204 null null 103.5636ms
2026-06-16 16:10:59.941 +07:00 [INF] Request starting HTTP/1.1 GET http://localhost:52818/api/auth/me - null null
2026-06-16 16:10:59.946 +07:00 [INF] Request starting HTTP/1.1 GET http://localhost:52818/api/public/feedbacks/my - null null
2026-06-16 16:10:59.957 +07:00 [INF] CORS policy execution successful.
2026-06-16 16:10:59.957 +07:00 [INF] CORS policy execution successful.
2026-06-16 16:11:01.544 +07:00 [INF] Failed to validate the token.
Microsoft.IdentityModel.Tokens.SecurityTokenExpiredException: IDX10223: Lifetime validation failed. The token is expired. ValidTo (UTC): '6/12/2026 5:42:10 AM', Current time (UTC): '6/16/2026 9:11:01 AM'.
   at Microsoft.IdentityModel.Tokens.ValidatorUtilities.ValidateLifetime(Nullable`1 notBefore, Nullable`1 expires, SecurityToken securityToken, TokenValidationParameters validationParameters)
   at Microsoft.IdentityModel.Tokens.Validators.ValidateLifetime(Nullable`1 notBefore, Nullable`1 expires, SecurityToken securityToken, TokenValidationParameters validationParameters)
   at Microsoft.IdentityModel.JsonWebTokens.JsonWebTokenHandler.ValidateTokenPayloadAsync(JsonWebToken jsonWebToken, TokenValidationParameters validationParameters, BaseConfiguration configuration)
   at Microsoft.IdentityModel.JsonWebTokens.JsonWebTokenHandler.ValidateJWSAsync(JsonWebToken jsonWebToken, TokenValidationParameters validationParameters, BaseConfiguration configuration)
2026-06-16 16:11:01.544 +07:00 [INF] Failed to validate the token.
Microsoft.IdentityModel.Tokens.SecurityTokenExpiredException: IDX10223: Lifetime validation failed. The token is expired. ValidTo (UTC): '6/12/2026 5:42:10 AM', Current time (UTC): '6/16/2026 9:11:01 AM'.
   at Microsoft.IdentityModel.Tokens.ValidatorUtilities.ValidateLifetime(Nullable`1 notBefore, Nullable`1 expires, SecurityToken securityToken, TokenValidationParameters validationParameters)
   at Microsoft.IdentityModel.Tokens.Validators.ValidateLifetime(Nullable`1 notBefore, Nullable`1 expires, SecurityToken securityToken, TokenValidationParameters validationParameters)
   at Microsoft.IdentityModel.JsonWebTokens.JsonWebTokenHandler.ValidateTokenPayloadAsync(JsonWebToken jsonWebToken, TokenValidationParameters validationParameters, BaseConfiguration configuration)
   at Microsoft.IdentityModel.JsonWebTokens.JsonWebTokenHandler.ValidateJWSAsync(JsonWebToken jsonWebToken, TokenValidationParameters validationParameters, BaseConfiguration configuration)
2026-06-16 16:11:01.552 +07:00 [INF] Bearer was not authenticated. Failure message: IDX10223: Lifetime validation failed. The token is expired. ValidTo (UTC): '6/12/2026 5:42:10 AM', Current time (UTC): '6/16/2026 9:11:01 AM'.
2026-06-16 16:11:01.552 +07:00 [INF] Bearer was not authenticated. Failure message: IDX10223: Lifetime validation failed. The token is expired. ValidTo (UTC): '6/12/2026 5:42:10 AM', Current time (UTC): '6/16/2026 9:11:01 AM'.
2026-06-16 16:11:01.557 +07:00 [INF] Authorization failed. These requirements were not met:
DenyAnonymousAuthorizationRequirement: Requires an authenticated user.
2026-06-16 16:11:01.557 +07:00 [INF] Authorization failed. These requirements were not met:
DenyAnonymousAuthorizationRequirement: Requires an authenticated user.
2026-06-16 16:11:01.561 +07:00 [INF] AuthenticationScheme: Bearer was challenged.
2026-06-16 16:11:01.561 +07:00 [INF] AuthenticationScheme: Bearer was challenged.
2026-06-16 16:11:01.562 +07:00 [INF] HTTP GET /api/auth/me responded 401 in 1605.4534 ms
2026-06-16 16:11:01.563 +07:00 [INF] HTTP GET /api/public/feedbacks/my responded 401 in 1606.1298 ms
2026-06-16 16:11:01.564 +07:00 [INF] GET /api/auth/me responded 401 in 1613ms
2026-06-16 16:11:01.566 +07:00 [INF] GET /api/public/feedbacks/my responded 401 in 1613ms
2026-06-16 16:11:01.567 +07:00 [INF] Request finished HTTP/1.1 GET http://localhost:52818/api/auth/me - 401 0 null 1625.8769ms
2026-06-16 16:11:01.568 +07:00 [INF] Request finished HTTP/1.1 GET http://localhost:52818/api/public/feedbacks/my - 401 0 null 1621.7374ms
2026-06-16 16:11:01.570 +07:00 [INF] Request starting HTTP/1.1 GET http://localhost:52818/api/auth/me - null null
2026-06-16 16:11:01.574 +07:00 [INF] CORS policy execution successful.
2026-06-16 16:11:01.576 +07:00 [INF] Failed to validate the token.
Microsoft.IdentityModel.Tokens.SecurityTokenExpiredException: IDX10223: Lifetime validation failed. The token is expired. ValidTo (UTC): '6/12/2026 5:42:10 AM', Current time (UTC): '6/16/2026 9:11:01 AM'.
   at Microsoft.IdentityModel.Tokens.ValidatorUtilities.ValidateLifetime(Nullable`1 notBefore, Nullable`1 expires, SecurityToken securityToken, TokenValidationParameters validationParameters)
   at Microsoft.IdentityModel.Tokens.Validators.ValidateLifetime(Nullable`1 notBefore, Nullable`1 expires, SecurityToken securityToken, TokenValidationParameters validationParameters)
   at Microsoft.IdentityModel.JsonWebTokens.JsonWebTokenHandler.ValidateTokenPayloadAsync(JsonWebToken jsonWebToken, TokenValidationParameters validationParameters, BaseConfiguration configuration)
   at Microsoft.IdentityModel.JsonWebTokens.JsonWebTokenHandler.ValidateJWSAsync(JsonWebToken jsonWebToken, TokenValidationParameters validationParameters, BaseConfiguration configuration)
2026-06-16 16:11:01.577 +07:00 [INF] Bearer was not authenticated. Failure message: IDX10223: Lifetime validation failed. The token is expired. ValidTo (UTC): '6/12/2026 5:42:10 AM', Current time (UTC): '6/16/2026 9:11:01 AM'.
2026-06-16 16:11:01.580 +07:00 [INF] Authorization failed. These requirements were not met:
DenyAnonymousAuthorizationRequirement: Requires an authenticated user.
2026-06-16 16:11:01.581 +07:00 [INF] AuthenticationScheme: Bearer was challenged.
2026-06-16 16:11:01.582 +07:00 [INF] HTTP GET /api/auth/me responded 401 in 8.4447 ms
2026-06-16 16:11:01.583 +07:00 [INF] GET /api/auth/me responded 401 in 9ms
2026-06-16 16:11:01.585 +07:00 [INF] Request finished HTTP/1.1 GET http://localhost:52818/api/auth/me - 401 0 null 14.9401ms
2026-06-16 16:11:01.698 +07:00 [INF] Request starting HTTP/1.1 GET http://localhost:52818/api/public/menu - null null
2026-06-16 16:11:01.698 +07:00 [INF] Request starting HTTP/1.1 GET http://localhost:52818/api/public/reviews - null null
2026-06-16 16:11:01.700 +07:00 [INF] CORS policy execution successful.
2026-06-16 16:11:01.702 +07:00 [INF] CORS policy execution successful.
2026-06-16 16:11:01.704 +07:00 [INF] Executing endpoint 'CafeReservation.Api.Controllers.MenuController.GetAll (CafeReservation.Api)'
2026-06-16 16:11:01.705 +07:00 [INF] Executing endpoint 'CafeReservation.Api.Controllers.ReviewController.GetReviews (CafeReservation.Api)'
2026-06-16 16:11:01.730 +07:00 [INF] Route matched with {action = "GetAll", controller = "Menu"}. Executing controller action with signature System.Threading.Tasks.Task`1[Microsoft.AspNetCore.Mvc.IActionResult] GetAll(System.String, System.String, System.Threading.CancellationToken) on controller CafeReservation.Api.Controllers.MenuController (CafeReservation.Api).
2026-06-16 16:11:01.730 +07:00 [INF] Route matched with {action = "GetReviews", controller = "Review"}. Executing controller action with signature System.Threading.Tasks.Task`1[Microsoft.AspNetCore.Mvc.IActionResult] GetReviews(System.Nullable`1[System.Guid], System.Threading.CancellationToken) on controller CafeReservation.Api.Controllers.ReviewController (CafeReservation.Api).
2026-06-16 16:11:01.869 +07:00 [INF] Executed DbCommand (95ms) [Parameters=[], CommandType='"Text"', CommandTimeout='60']
SELECT m."Id", m."Category", m."CreatedAt", m."Description", m."ImageUrl", m."IsActive", m."Name", m."Price", m."SalesCount", m."Tag"
FROM "MenuItems" AS m
WHERE m."IsActive"
2026-06-16 16:11:01.879 +07:00 [INF] Executing OkObjectResult, writing value of type 'System.Linq.Enumerable+SelectListIterator`2[[CafeReservation.Domain.Entities.MenuItem, CafeReservation.Domain, Version=1.0.0.0, Culture=neutral, PublicKeyToken=null],[CafeReservation.Application.DTOs.MenuItemDto, CafeReservation.Application, Version=1.0.0.0, Culture=neutral, PublicKeyToken=null]]'.
2026-06-16 16:11:01.912 +07:00 [INF] Request starting HTTP/1.1 GET http://localhost:52818/api/public/menu - null null
2026-06-16 16:11:01.916 +07:00 [INF] Executed action CafeReservation.Api.Controllers.MenuController.GetAll (CafeReservation.Api) in 176.3126ms
2026-06-16 16:11:01.918 +07:00 [INF] CORS policy execution successful.
2026-06-16 16:11:01.919 +07:00 [INF] Executed endpoint 'CafeReservation.Api.Controllers.MenuController.GetAll (CafeReservation.Api)'
2026-06-16 16:11:01.920 +07:00 [INF] Executing endpoint 'CafeReservation.Api.Controllers.MenuController.GetAll (CafeReservation.Api)'
2026-06-16 16:11:01.923 +07:00 [INF] HTTP GET /api/public/menu responded 200 in 222.3812 ms
2026-06-16 16:11:01.923 +07:00 [INF] Route matched with {action = "GetAll", controller = "Menu"}. Executing controller action with signature System.Threading.Tasks.Task`1[Microsoft.AspNetCore.Mvc.IActionResult] GetAll(System.String, System.String, System.Threading.CancellationToken) on controller CafeReservation.Api.Controllers.MenuController (CafeReservation.Api).
2026-06-16 16:11:01.926 +07:00 [INF] GET /api/public/menu responded 200 in 225ms
2026-06-16 16:11:01.932 +07:00 [INF] Request finished HTTP/1.1 GET http://localhost:52818/api/public/menu - 200 null application/json; charset=utf-8 233.991ms
2026-06-16 16:11:02.028 +07:00 [INF] Executed DbCommand (99ms) [Parameters=[], CommandType='"Text"', CommandTimeout='60']
SELECT m."Id", m."Category", m."CreatedAt", m."Description", m."ImageUrl", m."IsActive", m."Name", m."Price", m."SalesCount", m."Tag"
FROM "MenuItems" AS m
WHERE m."IsActive"
2026-06-16 16:11:02.032 +07:00 [INF] Executing OkObjectResult, writing value of type 'System.Linq.Enumerable+SelectListIterator`2[[CafeReservation.Domain.Entities.MenuItem, CafeReservation.Domain, Version=1.0.0.0, Culture=neutral, PublicKeyToken=null],[CafeReservation.Application.DTOs.MenuItemDto, CafeReservation.Application, Version=1.0.0.0, Culture=neutral, PublicKeyToken=null]]'.
2026-06-16 16:11:02.035 +07:00 [INF] Executed action CafeReservation.Api.Controllers.MenuController.GetAll (CafeReservation.Api) in 107.8379ms
2026-06-16 16:11:02.036 +07:00 [INF] Executed endpoint 'CafeReservation.Api.Controllers.MenuController.GetAll (CafeReservation.Api)'
2026-06-16 16:11:02.038 +07:00 [INF] HTTP GET /api/public/menu responded 200 in 119.7198 ms
2026-06-16 16:11:02.040 +07:00 [INF] GET /api/public/menu responded 200 in 122ms
2026-06-16 16:11:02.043 +07:00 [INF] Request finished HTTP/1.1 GET http://localhost:52818/api/public/menu - 200 null application/json; charset=utf-8 130.3908ms
2026-06-16 16:11:02.497 +07:00 [INF] Executed DbCommand (99ms) [Parameters=[], CommandType='"Text"', CommandTimeout='60']
SELECT r."Id", r."Comment", r."CreatedAt", r."GuestEmail", r."GuestName", r."GuestPhone", r."MenuItemId", r."Rating", r."Reply", r."ReplyAt"
FROM "Reviews" AS r
ORDER BY r."CreatedAt" DESC
2026-06-16 16:11:02.500 +07:00 [INF] Executing OkObjectResult, writing value of type 'System.Linq.Enumerable+SelectListIterator`2[[CafeReservation.Domain.Entities.Review, CafeReservation.Domain, Version=1.0.0.0, Culture=neutral, PublicKeyToken=null],[CafeReservation.Application.DTOs.ReviewDto, CafeReservation.Application, Version=1.0.0.0, Culture=neutral, PublicKeyToken=null]]'.
2026-06-16 16:11:02.516 +07:00 [INF] Executed action CafeReservation.Api.Controllers.ReviewController.GetReviews (CafeReservation.Api) in 778.1995ms
2026-06-16 16:11:02.518 +07:00 [INF] Request starting HTTP/1.1 GET http://localhost:52818/api/public/reviews - null null
2026-06-16 16:11:02.519 +07:00 [INF] Executed endpoint 'CafeReservation.Api.Controllers.ReviewController.GetReviews (CafeReservation.Api)'
2026-06-16 16:11:02.522 +07:00 [INF] CORS policy execution successful.
2026-06-16 16:11:02.523 +07:00 [INF] HTTP GET /api/public/reviews responded 200 in 820.2920 ms
2026-06-16 16:11:02.523 +07:00 [INF] Executing endpoint 'CafeReservation.Api.Controllers.ReviewController.GetReviews (CafeReservation.Api)'
2026-06-16 16:11:02.525 +07:00 [INF] GET /api/public/reviews responded 200 in 822ms
2026-06-16 16:11:02.526 +07:00 [INF] Route matched with {action = "GetReviews", controller = "Review"}. Executing controller action with signature System.Threading.Tasks.Task`1[Microsoft.AspNetCore.Mvc.IActionResult] GetReviews(System.Nullable`1[System.Guid], System.Threading.CancellationToken) on controller CafeReservation.Api.Controllers.ReviewController (CafeReservation.Api).
2026-06-16 16:11:02.528 +07:00 [INF] Request finished HTTP/1.1 GET http://localhost:52818/api/public/reviews - 200 null application/json; charset=utf-8 829.985ms
2026-06-16 16:11:02.628 +07:00 [INF] Executed DbCommand (95ms) [Parameters=[], CommandType='"Text"', CommandTimeout='60']
SELECT r."Id", r."Comment", r."CreatedAt", r."GuestEmail", r."GuestName", r."GuestPhone", r."MenuItemId", r."Rating", r."Reply", r."ReplyAt"
FROM "Reviews" AS r
ORDER BY r."CreatedAt" DESC
2026-06-16 16:11:02.630 +07:00 [INF] Executing OkObjectResult, writing value of type 'System.Linq.Enumerable+SelectListIterator`2[[CafeReservation.Domain.Entities.Review, CafeReservation.Domain, Version=1.0.0.0, Culture=neutral, PublicKeyToken=null],[CafeReservation.Application.DTOs.ReviewDto, CafeReservation.Application, Version=1.0.0.0, Culture=neutral, PublicKeyToken=null]]'.
2026-06-16 16:11:02.631 +07:00 [INF] Executed action CafeReservation.Api.Controllers.ReviewController.GetReviews (CafeReservation.Api) in 101.2312ms
2026-06-16 16:11:02.632 +07:00 [INF] Request starting HTTP/1.1 GET http://localhost:52818/api/public/reviews - null null
2026-06-16 16:11:02.633 +07:00 [INF] Executed endpoint 'CafeReservation.Api.Controllers.ReviewController.GetReviews (CafeReservation.Api)'
2026-06-16 16:11:02.636 +07:00 [INF] CORS policy execution successful.
2026-06-16 16:11:02.637 +07:00 [INF] HTTP GET /api/public/reviews responded 200 in 114.7705 ms
2026-06-16 16:11:02.638 +07:00 [INF] Executing endpoint 'CafeReservation.Api.Controllers.ReviewController.GetReviews (CafeReservation.Api)'
2026-06-16 16:11:02.639 +07:00 [INF] GET /api/public/reviews responded 200 in 117ms
2026-06-16 16:11:02.640 +07:00 [INF] Route matched with {action = "GetReviews", controller = "Review"}. Executing controller action with signature System.Threading.Tasks.Task`1[Microsoft.AspNetCore.Mvc.IActionResult] GetReviews(System.Nullable`1[System.Guid], System.Threading.CancellationToken) on controller CafeReservation.Api.Controllers.ReviewController (CafeReservation.Api).
2026-06-16 16:11:02.643 +07:00 [INF] Request finished HTTP/1.1 GET http://localhost:52818/api/public/reviews - 200 null application/json; charset=utf-8 124.5769ms
2026-06-16 16:11:02.741 +07:00 [INF] Executed DbCommand (95ms) [Parameters=[], CommandType='"Text"', CommandTimeout='60']
SELECT r."Id", r."Comment", r."CreatedAt", r."GuestEmail", r."GuestName", r."GuestPhone", r."MenuItemId", r."Rating", r."Reply", r."ReplyAt"
FROM "Reviews" AS r
ORDER BY r."CreatedAt" DESC
2026-06-16 16:11:02.743 +07:00 [INF] Executing OkObjectResult, writing value of type 'System.Linq.Enumerable+SelectListIterator`2[[CafeReservation.Domain.Entities.Review, CafeReservation.Domain, Version=1.0.0.0, Culture=neutral, PublicKeyToken=null],[CafeReservation.Application.DTOs.ReviewDto, CafeReservation.Application, Version=1.0.0.0, Culture=neutral, PublicKeyToken=null]]'.
2026-06-16 16:11:02.744 +07:00 [INF] Executed action CafeReservation.Api.Controllers.ReviewController.GetReviews (CafeReservation.Api) in 100.5061ms
2026-06-16 16:11:02.745 +07:00 [INF] Request starting HTTP/1.1 GET http://localhost:52818/api/public/reviews - null null
2026-06-16 16:11:02.746 +07:00 [INF] Executed endpoint 'CafeReservation.Api.Controllers.ReviewController.GetReviews (CafeReservation.Api)'
2026-06-16 16:11:02.748 +07:00 [INF] CORS policy execution successful.
2026-06-16 16:11:02.749 +07:00 [INF] HTTP GET /api/public/reviews responded 200 in 112.9634 ms
2026-06-16 16:11:02.749 +07:00 [INF] Executing endpoint 'CafeReservation.Api.Controllers.ReviewController.GetReviews (CafeReservation.Api)'
2026-06-16 16:11:02.750 +07:00 [INF] GET /api/public/reviews responded 200 in 114ms
2026-06-16 16:11:02.751 +07:00 [INF] Route matched with {action = "GetReviews", controller = "Review"}. Executing controller action with signature System.Threading.Tasks.Task`1[Microsoft.AspNetCore.Mvc.IActionResult] GetReviews(System.Nullable`1[System.Guid], System.Threading.CancellationToken) on controller CafeReservation.Api.Controllers.ReviewController (CafeReservation.Api).
2026-06-16 16:11:02.752 +07:00 [INF] Request finished HTTP/1.1 GET http://localhost:52818/api/public/reviews - 200 null application/json; charset=utf-8 120.2013ms
2026-06-16 16:11:02.851 +07:00 [INF] Executed DbCommand (96ms) [Parameters=[], CommandType='"Text"', CommandTimeout='60']
SELECT r."Id", r."Comment", r."CreatedAt", r."GuestEmail", r."GuestName", r."GuestPhone", r."MenuItemId", r."Rating", r."Reply", r."ReplyAt"
FROM "Reviews" AS r
ORDER BY r."CreatedAt" DESC
2026-06-16 16:11:02.853 +07:00 [INF] Executing OkObjectResult, writing value of type 'System.Linq.Enumerable+SelectListIterator`2[[CafeReservation.Domain.Entities.Review, CafeReservation.Domain, Version=1.0.0.0, Culture=neutral, PublicKeyToken=null],[CafeReservation.Application.DTOs.ReviewDto, CafeReservation.Application, Version=1.0.0.0, Culture=neutral, PublicKeyToken=null]]'.
2026-06-16 16:11:02.854 +07:00 [INF] Executed action CafeReservation.Api.Controllers.ReviewController.GetReviews (CafeReservation.Api) in 99.95ms
2026-06-16 16:11:02.855 +07:00 [INF] Executed endpoint 'CafeReservation.Api.Controllers.ReviewController.GetReviews (CafeReservation.Api)'
2026-06-16 16:11:02.856 +07:00 [INF] HTTP GET /api/public/reviews responded 200 in 108.1602 ms
2026-06-16 16:11:02.858 +07:00 [INF] GET /api/public/reviews responded 200 in 109ms
2026-06-16 16:11:02.859 +07:00 [INF] Request finished HTTP/1.1 GET http://localhost:52818/api/public/reviews - 200 null application/json; charset=utf-8 113.5651ms
2026-06-16 16:11:05.992 +07:00 [INF] Executed DbCommand (96ms) [Parameters=[@__date_Value_0='?' (DbType = Date), @__parsedStatus_1='?' (DbType = Int32)], CommandType='"Text"', CommandTimeout='60']
SELECT count(*)::int
FROM reservations AS r
WHERE r.reservation_date = @__date_Value_0 AND r.status = @__parsedStatus_1
2026-06-16 16:11:06.089 +07:00 [INF] Executed DbCommand (95ms) [Parameters=[@__date_Value_0='?' (DbType = Date), @__parsedStatus_1='?' (DbType = Int32), @__p_3='?' (DbType = Int32), @__p_2='?' (DbType = Int32)], CommandType='"Text"', CommandTimeout='60']
SELECT t.id, t.check_in_image_url, t.checked_in_at, t.checked_in_by, t.confirmed_at, t.confirmed_by, t.created_at, t.end_time, t.guest_count, t.guest_email, t.guest_name, t.guest_phone, t.reservation_code, t.reservation_date, t.seating_area_id, t.special_note, t.start_time, t.status, t.table_name, s.id, s.area, s.description, s.is_active, s.preview_image, s.reservable_tables, s.table_type, s.total_tables
FROM (
    SELECT r.id, r.check_in_image_url, r.checked_in_at, r.checked_in_by, r.confirmed_at, r.confirmed_by, r.created_at, r.end_time, r.guest_count, r.guest_email, r.guest_name, r.guest_phone, r.reservation_code, r.reservation_date, r.seating_area_id, r.special_note, r.start_time, r.status, r.table_name
    FROM reservations AS r
    WHERE r.reservation_date = @__date_Value_0 AND r.status = @__parsedStatus_1
    ORDER BY r.reservation_date DESC, r.start_time DESC
    LIMIT @__p_3 OFFSET @__p_2
) AS t
INNER JOIN seating_areas AS s ON t.seating_area_id = s.id
ORDER BY t.reservation_date DESC, t.start_time DESC
2026-06-16 16:11:12.018 +07:00 [INF] Request starting HTTP/1.1 OPTIONS http://localhost:52818/api/auth/forgot-password - null null
2026-06-16 16:11:12.021 +07:00 [INF] CORS policy execution successful.
2026-06-16 16:11:12.022 +07:00 [INF] HTTP OPTIONS /api/auth/forgot-password responded 204 in 0.7797 ms
2026-06-16 16:11:12.023 +07:00 [INF] OPTIONS /api/auth/forgot-password responded 204 in 1ms
2026-06-16 16:11:12.025 +07:00 [INF] Request finished HTTP/1.1 OPTIONS http://localhost:52818/api/auth/forgot-password - 204 null null 6.0985ms
2026-06-16 16:11:12.028 +07:00 [INF] Request starting HTTP/1.1 POST http://localhost:52818/api/auth/forgot-password - application/json 37
2026-06-16 16:11:12.030 +07:00 [INF] CORS policy execution successful.
2026-06-16 16:11:12.030 +07:00 [INF] Executing endpoint 'CafeReservation.Api.Controllers.AuthController.ForgotPassword (CafeReservation.Api)'
2026-06-16 16:11:12.035 +07:00 [INF] Route matched with {action = "ForgotPassword", controller = "Auth"}. Executing controller action with signature System.Threading.Tasks.Task`1[Microsoft.AspNetCore.Mvc.IActionResult] ForgotPassword(CafeReservation.Application.DTOs.ForgotPasswordRequest, System.Threading.CancellationToken) on controller CafeReservation.Api.Controllers.AuthController (CafeReservation.Api).
2026-06-16 16:11:12.153 +07:00 [INF] Executed DbCommand (97ms) [Parameters=[@__email_0='?'], CommandType='"Text"', CommandTimeout='60']
SELECT u.id, u.created_at, u.email, u.full_name, u.password_hash, u.password_reset_token, u.password_reset_token_expiry, u.phone, u.role
FROM users AS u
WHERE u.email = @__email_0
LIMIT 1
2026-06-16 16:11:12.273 +07:00 [INF] Executed DbCommand (97ms) [Parameters=[@p8='?' (DbType = Guid), @p0='?' (DbType = DateTime), @p1='?', @p2='?', @p3='?', @p4='?', @p5='?' (DbType = DateTime), @p6='?', @p7='?' (DbType = Int32)], CommandType='"Text"', CommandTimeout='60']
UPDATE users SET created_at = @p0, email = @p1, full_name = @p2, password_hash = @p3, password_reset_token = @p4, password_reset_token_expiry = @p5, phone = @p6, role = @p7
WHERE id = @p8;
2026-06-16 16:11:12.281 +07:00 [INF] Executing OkObjectResult, writing value of type '<>f__AnonymousType4`1[[System.String, System.Private.CoreLib, Version=8.0.0.0, Culture=neutral, PublicKeyToken=7cec85d7bea7798e]]'.
2026-06-16 16:11:12.283 +07:00 [INF] Executed action CafeReservation.Api.Controllers.AuthController.ForgotPassword (CafeReservation.Api) in 246.3548ms
2026-06-16 16:11:12.284 +07:00 [INF] Executed endpoint 'CafeReservation.Api.Controllers.AuthController.ForgotPassword (CafeReservation.Api)'
2026-06-16 16:11:12.285 +07:00 [INF] HTTP POST /api/auth/forgot-password responded 200 in 255.2996 ms
2026-06-16 16:11:12.286 +07:00 [INF] POST /api/auth/forgot-password responded 200 in 256ms
2026-06-16 16:11:12.287 +07:00 [INF] Request finished HTTP/1.1 POST http://localhost:52818/api/auth/forgot-password - 200 null application/json; charset=utf-8 259.7328ms
2026-06-16 16:11:12.933 +07:00 [INF] Email sent successfully via Brevo
2026-06-16 16:12:06.214 +07:00 [INF] Executed DbCommand (109ms) [Parameters=[@__date_Value_0='?' (DbType = Date), @__parsedStatus_1='?' (DbType = Int32)], CommandType='"Text"', CommandTimeout='60']
SELECT count(*)::int
FROM reservations AS r
WHERE r.reservation_date = @__date_Value_0 AND r.status = @__parsedStatus_1
2026-06-16 16:12:06.317 +07:00 [INF] Executed DbCommand (102ms) [Parameters=[@__date_Value_0='?' (DbType = Date), @__parsedStatus_1='?' (DbType = Int32), @__p_3='?' (DbType = Int32), @__p_2='?' (DbType = Int32)], CommandType='"Text"', CommandTimeout='60']
SELECT t.id, t.check_in_image_url, t.checked_in_at, t.checked_in_by, t.confirmed_at, t.confirmed_by, t.created_at, t.end_time, t.guest_count, t.guest_email, t.guest_name, t.guest_phone, t.reservation_code, t.reservation_date, t.seating_area_id, t.special_note, t.start_time, t.status, t.table_name, s.id, s.area, s.description, s.is_active, s.preview_image, s.reservable_tables, s.table_type, s.total_tables
FROM (
    SELECT r.id, r.check_in_image_url, r.checked_in_at, r.checked_in_by, r.confirmed_at, r.confirmed_by, r.created_at, r.end_time, r.guest_count, r.guest_email, r.guest_name, r.guest_phone, r.reservation_code, r.reservation_date, r.seating_area_id, r.special_note, r.start_time, r.status, r.table_name
    FROM reservations AS r
    WHERE r.reservation_date = @__date_Value_0 AND r.status = @__parsedStatus_1
    ORDER BY r.reservation_date DESC, r.start_time DESC
    LIMIT @__p_3 OFFSET @__p_2
) AS t
INNER JOIN seating_areas AS s ON t.seating_area_id = s.id
ORDER BY t.reservation_date DESC, t.start_time DESC
2026-06-16 16:12:30.453 +07:00 [INF] Request starting HTTP/1.1 OPTIONS http://localhost:52818/api/auth/forgot-password - null null
2026-06-16 16:12:30.456 +07:00 [INF] CORS policy execution successful.
2026-06-16 16:12:30.457 +07:00 [INF] HTTP OPTIONS /api/auth/forgot-password responded 204 in 0.8523 ms
2026-06-16 16:12:30.459 +07:00 [INF] OPTIONS /api/auth/forgot-password responded 204 in 2ms
2026-06-16 16:12:30.460 +07:00 [INF] Request finished HTTP/1.1 OPTIONS http://localhost:52818/api/auth/forgot-password - 204 null null 6.7422ms
2026-06-16 16:12:30.464 +07:00 [INF] Request starting HTTP/1.1 POST http://localhost:52818/api/auth/forgot-password - application/json 39
2026-06-16 16:12:30.466 +07:00 [INF] CORS policy execution successful.
2026-06-16 16:12:30.467 +07:00 [INF] Executing endpoint 'CafeReservation.Api.Controllers.AuthController.ForgotPassword (CafeReservation.Api)'
2026-06-16 16:12:30.467 +07:00 [INF] Route matched with {action = "ForgotPassword", controller = "Auth"}. Executing controller action with signature System.Threading.Tasks.Task`1[Microsoft.AspNetCore.Mvc.IActionResult] ForgotPassword(CafeReservation.Application.DTOs.ForgotPasswordRequest, System.Threading.CancellationToken) on controller CafeReservation.Api.Controllers.AuthController (CafeReservation.Api).
2026-06-16 16:12:30.566 +07:00 [INF] Executed DbCommand (95ms) [Parameters=[@__email_0='?'], CommandType='"Text"', CommandTimeout='60']
SELECT u.id, u.created_at, u.email, u.full_name, u.password_hash, u.password_reset_token, u.password_reset_token_expiry, u.phone, u.role
FROM users AS u
WHERE u.email = @__email_0
LIMIT 1
2026-06-16 16:12:30.664 +07:00 [INF] Executed DbCommand (96ms) [Parameters=[@p8='?' (DbType = Guid), @p0='?' (DbType = DateTime), @p1='?', @p2='?', @p3='?', @p4='?', @p5='?' (DbType = DateTime), @p6='?', @p7='?' (DbType = Int32)], CommandType='"Text"', CommandTimeout='60']
UPDATE users SET created_at = @p0, email = @p1, full_name = @p2, password_hash = @p3, password_reset_token = @p4, password_reset_token_expiry = @p5, phone = @p6, role = @p7
WHERE id = @p8;
2026-06-16 16:12:30.667 +07:00 [INF] Executing OkObjectResult, writing value of type '<>f__AnonymousType4`1[[System.String, System.Private.CoreLib, Version=8.0.0.0, Culture=neutral, PublicKeyToken=7cec85d7bea7798e]]'.
2026-06-16 16:12:30.668 +07:00 [INF] Executed action CafeReservation.Api.Controllers.AuthController.ForgotPassword (CafeReservation.Api) in 198.704ms
2026-06-16 16:12:30.669 +07:00 [INF] Executed endpoint 'CafeReservation.Api.Controllers.AuthController.ForgotPassword (CafeReservation.Api)'
2026-06-16 16:12:30.670 +07:00 [INF] HTTP POST /api/auth/forgot-password responded 200 in 204.0308 ms
2026-06-16 16:12:30.671 +07:00 [INF] POST /api/auth/forgot-password responded 200 in 205ms
2026-06-16 16:12:30.672 +07:00 [INF] Request finished HTTP/1.1 POST http://localhost:52818/api/auth/forgot-password - 200 null application/json; charset=utf-8 208.6275ms
2026-06-16 16:12:31.249 +07:00 [INF] Email sent successfully via Brevo
2026-06-16 16:16:06.441 +07:00 [INF] Executed DbCommand (135ms) [Parameters=[], CommandType='"Text"', CommandTimeout='60']
SELECT EXISTS (
    SELECT 1 FROM pg_catalog.pg_class c
    JOIN pg_catalog.pg_namespace n ON n.oid=c.relnamespace
    WHERE n.nspname='public' AND
          c.relname='__EFMigrationsHistory'
)
2026-06-16 16:16:06.583 +07:00 [INF] Executed DbCommand (97ms) [Parameters=[], CommandType='"Text"', CommandTimeout='60']
SELECT "MigrationId", "ProductVersion"
FROM "__EFMigrationsHistory"
ORDER BY "MigrationId";
2026-06-16 16:16:07.268 +07:00 [INF] Executed DbCommand (95ms) [Parameters=[], CommandType='"Text"', CommandTimeout='60']
SELECT EXISTS (
    SELECT 1 FROM pg_catalog.pg_class c
    JOIN pg_catalog.pg_namespace n ON n.oid=c.relnamespace
    WHERE n.nspname='public' AND
          c.relname='__EFMigrationsHistory'
)
2026-06-16 16:16:07.938 +07:00 [INF] Executed DbCommand (99ms) [Parameters=[], CommandType='"Text"', CommandTimeout='60']
SELECT EXISTS (
    SELECT 1 FROM pg_catalog.pg_class c
    JOIN pg_catalog.pg_namespace n ON n.oid=c.relnamespace
    WHERE n.nspname='public' AND
          c.relname='__EFMigrationsHistory'
)
2026-06-16 16:16:08.035 +07:00 [INF] Executed DbCommand (94ms) [Parameters=[], CommandType='"Text"', CommandTimeout='60']
SELECT "MigrationId", "ProductVersion"
FROM "__EFMigrationsHistory"
ORDER BY "MigrationId";
2026-06-16 16:16:08.044 +07:00 [INF] No migrations were applied. The database is already up to date.
2026-06-16 16:16:08.047 +07:00 [INF] Database migration completed successfully.
2026-06-16 16:16:08.310 +07:00 [INF] Executed DbCommand (96ms) [Parameters=[], CommandType='"Text"', CommandTimeout='60']
SELECT EXISTS (
    SELECT 1
    FROM users AS u
    WHERE u.email = 'admin@yakicafe.com')
2026-06-16 16:16:08.421 +07:00 [INF] Executed DbCommand (97ms) [Parameters=[], CommandType='"Text"', CommandTimeout='60']
SELECT EXISTS (
    SELECT 1
    FROM users AS u
    WHERE u.email = 'staff@yakicafe.com')
2026-06-16 16:16:08.527 +07:00 [INF] Executed DbCommand (97ms) [Parameters=[], CommandType='"Text"', CommandTimeout='60']
SELECT EXISTS (
    SELECT 1
    FROM users AS u
    WHERE u.email = 'manager@yakicafe.com')
2026-06-16 16:16:08.630 +07:00 [INF] Executed DbCommand (97ms) [Parameters=[], CommandType='"Text"', CommandTimeout='60']
SELECT EXISTS (
    SELECT 1
    FROM seating_areas AS s)
2026-06-16 16:16:08.637 +07:00 [WRN] The query uses the 'First'/'FirstOrDefault' operator without 'OrderBy' and filter operators. This may lead to unpredictable results.
2026-06-16 16:16:08.764 +07:00 [INF] Executed DbCommand (96ms) [Parameters=[], CommandType='"Text"', CommandTimeout='60']
SELECT r."Id", r."Address", r."MapUrl", r."OpeningHours", r."Phone", r."UpdatedAt"
FROM "RestaurantInfo" AS r
LIMIT 1
2026-06-16 16:16:08.805 +07:00 [INF] Updated restaurant info for Yakishime Cần Thơ
2026-06-16 16:16:08.910 +07:00 [INF] Executed DbCommand (96ms) [Parameters=[], CommandType='"Text"', CommandTimeout='60']
SELECT m."Id", m."Category", m."CreatedAt", m."Description", m."ImageUrl", m."IsActive", m."Name", m."Price", m."SalesCount", m."Tag"
FROM "MenuItems" AS m
2026-06-16 16:16:09.149 +07:00 [INF] Executed DbCommand (110ms) [Parameters=[@p9='?' (DbType = Guid), @p0='?' (DbType = Int32), @p1='?' (DbType = DateTime), @p2='?', @p3='?', @p4='?' (DbType = Boolean), @p5='?', @p6='?' (DbType = Decimal), @p7='?' (DbType = Int32), @p8='?' (DbType = Int32), @p19='?' (DbType = Guid), @p10='?' (DbType = Int32), @p11='?' (DbType = DateTime), @p12='?', @p13='?', @p14='?' (DbType = Boolean), @p15='?', @p16='?' (DbType = Decimal), @p17='?' (DbType = Int32), @p18='?' (DbType = Int32), @p29='?' (DbType = Guid), @p20='?' (DbType = Int32), @p21='?' (DbType = DateTime), @p22='?', @p23='?', @p24='?' (DbType = Boolean), @p25='?', @p26='?' (DbType = Decimal), @p27='?' (DbType = Int32), @p28='?' (DbType = Int32), @p39='?' (DbType = Guid), @p30='?' (DbType = Int32), @p31='?' (DbType = DateTime), @p32='?', @p33='?', @p34='?' (DbType = Boolean), @p35='?', @p36='?' (DbType = Decimal), @p37='?' (DbType = Int32), @p38='?' (DbType = Int32), @p49='?' (DbType = Guid), @p40='?' (DbType = Int32), @p41='?' (DbType = DateTime), @p42='?', @p43='?', @p44='?' (DbType = Boolean), @p45='?', @p46='?' (DbType = Decimal), @p47='?' (DbType = Int32), @p48='?' (DbType = Int32), @p59='?' (DbType = Guid), @p50='?' (DbType = Int32), @p51='?' (DbType = DateTime), @p52='?', @p53='?', @p54='?' (DbType = Boolean), @p55='?', @p56='?' (DbType = Decimal), @p57='?' (DbType = Int32), @p58='?' (DbType = Int32), @p69='?' (DbType = Guid), @p60='?' (DbType = Int32), @p61='?' (DbType = DateTime), @p62='?', @p63='?', @p64='?' (DbType = Boolean), @p65='?', @p66='?' (DbType = Decimal), @p67='?' (DbType = Int32), @p68='?' (DbType = Int32), @p75='?' (DbType = Guid), @p70='?', @p71='?', @p72='?', @p73='?', @p74='?' (DbType = DateTime)], CommandType='"Text"', CommandTimeout='60']
UPDATE "MenuItems" SET "Category" = @p0, "CreatedAt" = @p1, "Description" = @p2, "ImageUrl" = @p3, "IsActive" = @p4, "Name" = @p5, "Price" = @p6, "SalesCount" = @p7, "Tag" = @p8
WHERE "Id" = @p9;
UPDATE "MenuItems" SET "Category" = @p10, "CreatedAt" = @p11, "Description" = @p12, "ImageUrl" = @p13, "IsActive" = @p14, "Name" = @p15, "Price" = @p16, "SalesCount" = @p17, "Tag" = @p18
WHERE "Id" = @p19;
UPDATE "MenuItems" SET "Category" = @p20, "CreatedAt" = @p21, "Description" = @p22, "ImageUrl" = @p23, "IsActive" = @p24, "Name" = @p25, "Price" = @p26, "SalesCount" = @p27, "Tag" = @p28
WHERE "Id" = @p29;
UPDATE "MenuItems" SET "Category" = @p30, "CreatedAt" = @p31, "Description" = @p32, "ImageUrl" = @p33, "IsActive" = @p34, "Name" = @p35, "Price" = @p36, "SalesCount" = @p37, "Tag" = @p38
WHERE "Id" = @p39;
UPDATE "MenuItems" SET "Category" = @p40, "CreatedAt" = @p41, "Description" = @p42, "ImageUrl" = @p43, "IsActive" = @p44, "Name" = @p45, "Price" = @p46, "SalesCount" = @p47, "Tag" = @p48
WHERE "Id" = @p49;
UPDATE "MenuItems" SET "Category" = @p50, "CreatedAt" = @p51, "Description" = @p52, "ImageUrl" = @p53, "IsActive" = @p54, "Name" = @p55, "Price" = @p56, "SalesCount" = @p57, "Tag" = @p58
WHERE "Id" = @p59;
UPDATE "MenuItems" SET "Category" = @p60, "CreatedAt" = @p61, "Description" = @p62, "ImageUrl" = @p63, "IsActive" = @p64, "Name" = @p65, "Price" = @p66, "SalesCount" = @p67, "Tag" = @p68
WHERE "Id" = @p69;
UPDATE "RestaurantInfo" SET "Address" = @p70, "MapUrl" = @p71, "OpeningHours" = @p72, "Phone" = @p73, "UpdatedAt" = @p74
WHERE "Id" = @p75;
2026-06-16 16:16:09.258 +07:00 [INF] Synced 7 menu items in database
2026-06-16 16:16:09.263 +07:00 [INF] Data seeding completed.
2026-06-16 16:16:09.355 +07:00 [INF] User profile is available. Using 'C:\Users\thien\AppData\Local\ASP.NET\DataProtection-Keys' as key repository and Windows DPAPI to encrypt keys at rest.
2026-06-16 16:16:09.359 +07:00 [INF] AutoCancelReservationWorker started. Checks every 1 minute for NoShow reservations.
2026-06-16 16:16:09.486 +07:00 [WRN] The ASP.NET Core developer certificate is not trusted. For information about trusting the ASP.NET Core developer certificate, see https://aka.ms/aspnet/https-trust-dev-cert.
2026-06-16 16:16:09.492 +07:00 [INF] Now listening on: https://localhost:52817
2026-06-16 16:16:09.492 +07:00 [INF] Now listening on: http://localhost:52818
2026-06-16 16:16:09.493 +07:00 [INF] Application started. Press Ctrl+C to shut down.
2026-06-16 16:16:09.494 +07:00 [INF] Hosting environment: Development
2026-06-16 16:16:09.494 +07:00 [INF] Content root path: D:\EXE201\CafeReservation\src\CafeReservation.Api
2026-06-16 16:16:09.515 +07:00 [INF] Executed DbCommand (96ms) [Parameters=[@__date_Value_0='?' (DbType = Date), @__parsedStatus_1='?' (DbType = Int32)], CommandType='"Text"', CommandTimeout='60']
SELECT count(*)::int
FROM reservations AS r
WHERE r.reservation_date = @__date_Value_0 AND r.status = @__parsedStatus_1
2026-06-16 16:16:09.669 +07:00 [INF] Executed DbCommand (97ms) [Parameters=[@__date_Value_0='?' (DbType = Date), @__parsedStatus_1='?' (DbType = Int32), @__p_3='?' (DbType = Int32), @__p_2='?' (DbType = Int32)], CommandType='"Text"', CommandTimeout='60']
SELECT t.id, t.check_in_image_url, t.checked_in_at, t.checked_in_by, t.confirmed_at, t.confirmed_by, t.created_at, t.end_time, t.guest_count, t.guest_email, t.guest_name, t.guest_phone, t.reservation_code, t.reservation_date, t.seating_area_id, t.special_note, t.start_time, t.status, t.table_name, s.id, s.area, s.description, s.is_active, s.preview_image, s.reservable_tables, s.table_type, s.total_tables
FROM (
    SELECT r.id, r.check_in_image_url, r.checked_in_at, r.checked_in_by, r.confirmed_at, r.confirmed_by, r.created_at, r.end_time, r.guest_count, r.guest_email, r.guest_name, r.guest_phone, r.reservation_code, r.reservation_date, r.seating_area_id, r.special_note, r.start_time, r.status, r.table_name
    FROM reservations AS r
    WHERE r.reservation_date = @__date_Value_0 AND r.status = @__parsedStatus_1
    ORDER BY r.reservation_date DESC, r.start_time DESC
    LIMIT @__p_3 OFFSET @__p_2
) AS t
INNER JOIN seating_areas AS s ON t.seating_area_id = s.id
ORDER BY t.reservation_date DESC, t.start_time DESC
2026-06-16 16:16:09.720 +07:00 [INF] Request starting HTTP/1.1 GET https://localhost:52817/ - null null
2026-06-16 16:16:09.769 +07:00 [INF] HTTP GET / responded 404 in 20.3986 ms
2026-06-16 16:16:09.771 +07:00 [INF] GET / responded 404 in 34ms
2026-06-16 16:16:09.775 +07:00 [INF] Request finished HTTP/1.1 GET https://localhost:52817/ - 404 0 null 55.6406ms
2026-06-16 16:16:09.778 +07:00 [INF] Request reached the end of the middleware pipeline without being handled by application code. Request path: GET https://localhost:52817/, Response status code: 404
2026-06-16 16:16:14.966 +07:00 [INF] Request starting HTTP/2 GET https://localhost:52817/swagger - null null
2026-06-16 16:16:14.970 +07:00 [INF] GET /swagger responded 301 in 1ms
2026-06-16 16:16:14.972 +07:00 [INF] Request finished HTTP/2 GET https://localhost:52817/swagger - 301 0 null 6.6361ms
2026-06-16 16:16:14.982 +07:00 [INF] Request starting HTTP/2 GET https://localhost:52817/swagger/index.html - null null
2026-06-16 16:16:15.039 +07:00 [INF] GET /swagger/index.html responded 200 in 53ms
2026-06-16 16:16:15.042 +07:00 [INF] Request finished HTTP/2 GET https://localhost:52817/swagger/index.html - 200 null text/html;charset=utf-8 59.5936ms
2026-06-16 16:16:15.088 +07:00 [INF] Request starting HTTP/2 GET https://localhost:52817/swagger/swagger-ui.css - null null
2026-06-16 16:16:15.089 +07:00 [INF] Request starting HTTP/2 GET https://localhost:52817/swagger/swagger-ui-bundle.js - null null
2026-06-16 16:16:15.089 +07:00 [INF] Request starting HTTP/2 GET https://localhost:52817/swagger/swagger-ui-standalone-preset.js - null null
2026-06-16 16:16:15.120 +07:00 [INF] Sending file. Request path: '/swagger-ui-standalone-preset.js'. Physical path: 'N/A'
2026-06-16 16:16:15.120 +07:00 [INF] Sending file. Request path: '/swagger-ui.css'. Physical path: 'N/A'
2026-06-16 16:16:15.122 +07:00 [INF] GET /swagger/swagger-ui-standalone-preset.js responded 200 in 25ms
2026-06-16 16:16:15.124 +07:00 [INF] GET /swagger/swagger-ui.css responded 200 in 32ms
2026-06-16 16:16:15.128 +07:00 [INF] Request finished HTTP/2 GET https://localhost:52817/swagger/swagger-ui.css - 200 152034 text/css 40.15ms
2026-06-16 16:16:15.127 +07:00 [INF] Request finished HTTP/2 GET https://localhost:52817/swagger/swagger-ui-standalone-preset.js - 200 230280 text/javascript 37.1269ms
2026-06-16 16:16:15.130 +07:00 [INF] Sending file. Request path: '/swagger-ui-bundle.js'. Physical path: 'N/A'
2026-06-16 16:16:15.143 +07:00 [INF] GET /swagger/swagger-ui-bundle.js responded 200 in 48ms
2026-06-16 16:16:15.145 +07:00 [INF] Request finished HTTP/2 GET https://localhost:52817/swagger/swagger-ui-bundle.js - 200 1456926 text/javascript 55.4196ms
2026-06-16 16:16:15.462 +07:00 [INF] Request starting HTTP/2 GET https://localhost:52817/swagger/v1/swagger.json - null null
2026-06-16 16:16:15.481 +07:00 [INF] Request starting HTTP/2 GET https://localhost:52817/swagger/favicon-32x32.png - null null
2026-06-16 16:16:15.484 +07:00 [INF] Sending file. Request path: '/favicon-32x32.png'. Physical path: 'N/A'
2026-06-16 16:16:15.486 +07:00 [INF] GET /swagger/favicon-32x32.png responded 200 in 2ms
2026-06-16 16:16:15.489 +07:00 [INF] Request finished HTTP/2 GET https://localhost:52817/swagger/favicon-32x32.png - 200 628 image/png 7.2391ms
2026-06-16 16:16:15.610 +07:00 [INF] GET /swagger/v1/swagger.json responded 200 in 146ms
2026-06-16 16:16:15.611 +07:00 [INF] Request finished HTTP/2 GET https://localhost:52817/swagger/v1/swagger.json - 200 null application/json;charset=utf-8 149.447ms
2026-06-16 16:17:09.827 +07:00 [INF] Executed DbCommand (96ms) [Parameters=[@__date_Value_0='?' (DbType = Date), @__parsedStatus_1='?' (DbType = Int32)], CommandType='"Text"', CommandTimeout='60']
SELECT count(*)::int
FROM reservations AS r
WHERE r.reservation_date = @__date_Value_0 AND r.status = @__parsedStatus_1
2026-06-16 16:17:09.925 +07:00 [INF] Executed DbCommand (96ms) [Parameters=[@__date_Value_0='?' (DbType = Date), @__parsedStatus_1='?' (DbType = Int32), @__p_3='?' (DbType = Int32), @__p_2='?' (DbType = Int32)], CommandType='"Text"', CommandTimeout='60']
SELECT t.id, t.check_in_image_url, t.checked_in_at, t.checked_in_by, t.confirmed_at, t.confirmed_by, t.created_at, t.end_time, t.guest_count, t.guest_email, t.guest_name, t.guest_phone, t.reservation_code, t.reservation_date, t.seating_area_id, t.special_note, t.start_time, t.status, t.table_name, s.id, s.area, s.description, s.is_active, s.preview_image, s.reservable_tables, s.table_type, s.total_tables
FROM (
    SELECT r.id, r.check_in_image_url, r.checked_in_at, r.checked_in_by, r.confirmed_at, r.confirmed_by, r.created_at, r.end_time, r.guest_count, r.guest_email, r.guest_name, r.guest_phone, r.reservation_code, r.reservation_date, r.seating_area_id, r.special_note, r.start_time, r.status, r.table_name
    FROM reservations AS r
    WHERE r.reservation_date = @__date_Value_0 AND r.status = @__parsedStatus_1
    ORDER BY r.reservation_date DESC, r.start_time DESC
    LIMIT @__p_3 OFFSET @__p_2
) AS t
INNER JOIN seating_areas AS s ON t.seating_area_id = s.id
ORDER BY t.reservation_date DESC, t.start_time DESC
2026-06-16 16:18:10.030 +07:00 [INF] Executed DbCommand (96ms) [Parameters=[@__date_Value_0='?' (DbType = Date), @__parsedStatus_1='?' (DbType = Int32)], CommandType='"Text"', CommandTimeout='60']
SELECT count(*)::int
FROM reservations AS r
WHERE r.reservation_date = @__date_Value_0 AND r.status = @__parsedStatus_1
2026-06-16 16:18:10.128 +07:00 [INF] Executed DbCommand (96ms) [Parameters=[@__date_Value_0='?' (DbType = Date), @__parsedStatus_1='?' (DbType = Int32), @__p_3='?' (DbType = Int32), @__p_2='?' (DbType = Int32)], CommandType='"Text"', CommandTimeout='60']
SELECT t.id, t.check_in_image_url, t.checked_in_at, t.checked_in_by, t.confirmed_at, t.confirmed_by, t.created_at, t.end_time, t.guest_count, t.guest_email, t.guest_name, t.guest_phone, t.reservation_code, t.reservation_date, t.seating_area_id, t.special_note, t.start_time, t.status, t.table_name, s.id, s.area, s.description, s.is_active, s.preview_image, s.reservable_tables, s.table_type, s.total_tables
FROM (
    SELECT r.id, r.check_in_image_url, r.checked_in_at, r.checked_in_by, r.confirmed_at, r.confirmed_by, r.created_at, r.end_time, r.guest_count, r.guest_email, r.guest_name, r.guest_phone, r.reservation_code, r.reservation_date, r.seating_area_id, r.special_note, r.start_time, r.status, r.table_name
    FROM reservations AS r
    WHERE r.reservation_date = @__date_Value_0 AND r.status = @__parsedStatus_1
    ORDER BY r.reservation_date DESC, r.start_time DESC
    LIMIT @__p_3 OFFSET @__p_2
) AS t
INNER JOIN seating_areas AS s ON t.seating_area_id = s.id
ORDER BY t.reservation_date DESC, t.start_time DESC
2026-06-16 16:19:10.236 +07:00 [INF] Executed DbCommand (97ms) [Parameters=[@__date_Value_0='?' (DbType = Date), @__parsedStatus_1='?' (DbType = Int32)], CommandType='"Text"', CommandTimeout='60']
SELECT count(*)::int
FROM reservations AS r
WHERE r.reservation_date = @__date_Value_0 AND r.status = @__parsedStatus_1
2026-06-16 16:19:10.334 +07:00 [INF] Executed DbCommand (96ms) [Parameters=[@__date_Value_0='?' (DbType = Date), @__parsedStatus_1='?' (DbType = Int32), @__p_3='?' (DbType = Int32), @__p_2='?' (DbType = Int32)], CommandType='"Text"', CommandTimeout='60']
SELECT t.id, t.check_in_image_url, t.checked_in_at, t.checked_in_by, t.confirmed_at, t.confirmed_by, t.created_at, t.end_time, t.guest_count, t.guest_email, t.guest_name, t.guest_phone, t.reservation_code, t.reservation_date, t.seating_area_id, t.special_note, t.start_time, t.status, t.table_name, s.id, s.area, s.description, s.is_active, s.preview_image, s.reservable_tables, s.table_type, s.total_tables
FROM (
    SELECT r.id, r.check_in_image_url, r.checked_in_at, r.checked_in_by, r.confirmed_at, r.confirmed_by, r.created_at, r.end_time, r.guest_count, r.guest_email, r.guest_name, r.guest_phone, r.reservation_code, r.reservation_date, r.seating_area_id, r.special_note, r.start_time, r.status, r.table_name
    FROM reservations AS r
    WHERE r.reservation_date = @__date_Value_0 AND r.status = @__parsedStatus_1
    ORDER BY r.reservation_date DESC, r.start_time DESC
    LIMIT @__p_3 OFFSET @__p_2
) AS t
INNER JOIN seating_areas AS s ON t.seating_area_id = s.id
ORDER BY t.reservation_date DESC, t.start_time DESC
2026-06-16 16:20:10.438 +07:00 [INF] Executed DbCommand (98ms) [Parameters=[@__date_Value_0='?' (DbType = Date), @__parsedStatus_1='?' (DbType = Int32)], CommandType='"Text"', CommandTimeout='60']
SELECT count(*)::int
FROM reservations AS r
WHERE r.reservation_date = @__date_Value_0 AND r.status = @__parsedStatus_1
2026-06-16 16:20:10.548 +07:00 [INF] Executed DbCommand (98ms) [Parameters=[@__date_Value_0='?' (DbType = Date), @__parsedStatus_1='?' (DbType = Int32), @__p_3='?' (DbType = Int32), @__p_2='?' (DbType = Int32)], CommandType='"Text"', CommandTimeout='60']
SELECT t.id, t.check_in_image_url, t.checked_in_at, t.checked_in_by, t.confirmed_at, t.confirmed_by, t.created_at, t.end_time, t.guest_count, t.guest_email, t.guest_name, t.guest_phone, t.reservation_code, t.reservation_date, t.seating_area_id, t.special_note, t.start_time, t.status, t.table_name, s.id, s.area, s.description, s.is_active, s.preview_image, s.reservable_tables, s.table_type, s.total_tables
FROM (
    SELECT r.id, r.check_in_image_url, r.checked_in_at, r.checked_in_by, r.confirmed_at, r.confirmed_by, r.created_at, r.end_time, r.guest_count, r.guest_email, r.guest_name, r.guest_phone, r.reservation_code, r.reservation_date, r.seating_area_id, r.special_note, r.start_time, r.status, r.table_name
    FROM reservations AS r
    WHERE r.reservation_date = @__date_Value_0 AND r.status = @__parsedStatus_1
    ORDER BY r.reservation_date DESC, r.start_time DESC
    LIMIT @__p_3 OFFSET @__p_2
) AS t
INNER JOIN seating_areas AS s ON t.seating_area_id = s.id
ORDER BY t.reservation_date DESC, t.start_time DESC
2026-06-16 16:21:11.274 +07:00 [INF] Executed DbCommand (95ms) [Parameters=[@__date_Value_0='?' (DbType = Date), @__parsedStatus_1='?' (DbType = Int32)], CommandType='"Text"', CommandTimeout='60']
SELECT count(*)::int
FROM reservations AS r
WHERE r.reservation_date = @__date_Value_0 AND r.status = @__parsedStatus_1
2026-06-16 16:21:11.373 +07:00 [INF] Executed DbCommand (95ms) [Parameters=[@__date_Value_0='?' (DbType = Date), @__parsedStatus_1='?' (DbType = Int32), @__p_3='?' (DbType = Int32), @__p_2='?' (DbType = Int32)], CommandType='"Text"', CommandTimeout='60']
SELECT t.id, t.check_in_image_url, t.checked_in_at, t.checked_in_by, t.confirmed_at, t.confirmed_by, t.created_at, t.end_time, t.guest_count, t.guest_email, t.guest_name, t.guest_phone, t.reservation_code, t.reservation_date, t.seating_area_id, t.special_note, t.start_time, t.status, t.table_name, s.id, s.area, s.description, s.is_active, s.preview_image, s.reservable_tables, s.table_type, s.total_tables
FROM (
    SELECT r.id, r.check_in_image_url, r.checked_in_at, r.checked_in_by, r.confirmed_at, r.confirmed_by, r.created_at, r.end_time, r.guest_count, r.guest_email, r.guest_name, r.guest_phone, r.reservation_code, r.reservation_date, r.seating_area_id, r.special_note, r.start_time, r.status, r.table_name
    FROM reservations AS r
    WHERE r.reservation_date = @__date_Value_0 AND r.status = @__parsedStatus_1
    ORDER BY r.reservation_date DESC, r.start_time DESC
    LIMIT @__p_3 OFFSET @__p_2
) AS t
INNER JOIN seating_areas AS s ON t.seating_area_id = s.id
ORDER BY t.reservation_date DESC, t.start_time DESC
2026-06-16 16:22:11.478 +07:00 [INF] Executed DbCommand (95ms) [Parameters=[@__date_Value_0='?' (DbType = Date), @__parsedStatus_1='?' (DbType = Int32)], CommandType='"Text"', CommandTimeout='60']
SELECT count(*)::int
FROM reservations AS r
WHERE r.reservation_date = @__date_Value_0 AND r.status = @__parsedStatus_1
2026-06-16 16:22:11.574 +07:00 [INF] Executed DbCommand (94ms) [Parameters=[@__date_Value_0='?' (DbType = Date), @__parsedStatus_1='?' (DbType = Int32), @__p_3='?' (DbType = Int32), @__p_2='?' (DbType = Int32)], CommandType='"Text"', CommandTimeout='60']
SELECT t.id, t.check_in_image_url, t.checked_in_at, t.checked_in_by, t.confirmed_at, t.confirmed_by, t.created_at, t.end_time, t.guest_count, t.guest_email, t.guest_name, t.guest_phone, t.reservation_code, t.reservation_date, t.seating_area_id, t.special_note, t.start_time, t.status, t.table_name, s.id, s.area, s.description, s.is_active, s.preview_image, s.reservable_tables, s.table_type, s.total_tables
FROM (
    SELECT r.id, r.check_in_image_url, r.checked_in_at, r.checked_in_by, r.confirmed_at, r.confirmed_by, r.created_at, r.end_time, r.guest_count, r.guest_email, r.guest_name, r.guest_phone, r.reservation_code, r.reservation_date, r.seating_area_id, r.special_note, r.start_time, r.status, r.table_name
    FROM reservations AS r
    WHERE r.reservation_date = @__date_Value_0 AND r.status = @__parsedStatus_1
    ORDER BY r.reservation_date DESC, r.start_time DESC
    LIMIT @__p_3 OFFSET @__p_2
) AS t
INNER JOIN seating_areas AS s ON t.seating_area_id = s.id
ORDER BY t.reservation_date DESC, t.start_time DESC
2026-06-16 16:22:55.983 +07:00 [INF] Request starting HTTP/1.1 GET https://localhost:52817/ - null null
2026-06-16 16:22:55.987 +07:00 [INF] HTTP GET / responded 404 in 1.2432 ms
2026-06-16 16:22:55.988 +07:00 [INF] GET / responded 404 in 2ms
2026-06-16 16:22:55.990 +07:00 [INF] Request finished HTTP/1.1 GET https://localhost:52817/ - 404 0 null 7.4161ms
2026-06-16 16:22:55.993 +07:00 [INF] Request reached the end of the middleware pipeline without being handled by application code. Request path: GET https://localhost:52817/, Response status code: 404
