2026-05-29 21:56:21.455 +07:00 [INF] Executed DbCommand (142ms) [Parameters=[], CommandType='"Text"', CommandTimeout='60']
SELECT EXISTS (
    SELECT 1 FROM pg_catalog.pg_class c
    JOIN pg_catalog.pg_namespace n ON n.oid=c.relnamespace
    WHERE n.nspname='public' AND
          c.relname='__EFMigrationsHistory'
)
2026-05-29 21:56:21.606 +07:00 [INF] Executed DbCommand (97ms) [Parameters=[], CommandType='"Text"', CommandTimeout='60']
SELECT "MigrationId", "ProductVersion"
FROM "__EFMigrationsHistory"
ORDER BY "MigrationId";
2026-05-29 21:56:22.299 +07:00 [INF] Executed DbCommand (97ms) [Parameters=[], CommandType='"Text"', CommandTimeout='60']
SELECT EXISTS (
    SELECT 1 FROM pg_catalog.pg_class c
    JOIN pg_catalog.pg_namespace n ON n.oid=c.relnamespace
    WHERE n.nspname='public' AND
          c.relname='__EFMigrationsHistory'
)
2026-05-29 21:56:22.992 +07:00 [INF] Executed DbCommand (104ms) [Parameters=[], CommandType='"Text"', CommandTimeout='60']
SELECT EXISTS (
    SELECT 1 FROM pg_catalog.pg_class c
    JOIN pg_catalog.pg_namespace n ON n.oid=c.relnamespace
    WHERE n.nspname='public' AND
          c.relname='__EFMigrationsHistory'
)
2026-05-29 21:56:23.092 +07:00 [INF] Executed DbCommand (96ms) [Parameters=[], CommandType='"Text"', CommandTimeout='60']
SELECT "MigrationId", "ProductVersion"
FROM "__EFMigrationsHistory"
ORDER BY "MigrationId";
2026-05-29 21:56:23.111 +07:00 [INF] No migrations were applied. The database is already up to date.
2026-05-29 21:56:23.115 +07:00 [INF] Database migration completed successfully.
2026-05-29 21:56:23.557 +07:00 [INF] Executed DbCommand (95ms) [Parameters=[], CommandType='"Text"', CommandTimeout='60']
SELECT EXISTS (
    SELECT 1
    FROM users AS u
    WHERE u.email = 'admin@yakicafe.com')
2026-05-29 21:56:23.670 +07:00 [INF] Executed DbCommand (93ms) [Parameters=[], CommandType='"Text"', CommandTimeout='60']
SELECT EXISTS (
    SELECT 1
    FROM seating_areas AS s)
2026-05-29 21:56:23.774 +07:00 [INF] Executed DbCommand (96ms) [Parameters=[], CommandType='"Text"', CommandTimeout='60']
SELECT EXISTS (
    SELECT 1
    FROM "RestaurantInfo" AS r)
2026-05-29 21:56:23.880 +07:00 [INF] Executed DbCommand (95ms) [Parameters=[], CommandType='"Text"', CommandTimeout='60']
SELECT EXISTS (
    SELECT 1
    FROM "MenuItems" AS m)
2026-05-29 21:56:23.896 +07:00 [INF] Data seeding completed.
2026-05-29 21:56:24.095 +07:00 [INF] User profile is available. Using 'C:\Users\thien\AppData\Local\ASP.NET\DataProtection-Keys' as key repository and Windows DPAPI to encrypt keys at rest.
2026-05-29 21:56:24.102 +07:00 [INF] AutoCancelReservationWorker is starting.
2026-05-29 21:56:24.281 +07:00 [INF] Executed DbCommand (103ms) [Parameters=[@__date_Value_0='?' (DbType = Date), @__parsedStatus_1='?' (DbType = Int32)], CommandType='"Text"', CommandTimeout='60']
SELECT count(*)::int
FROM reservations AS r
WHERE r.reservation_date = @__date_Value_0 AND r.status = @__parsedStatus_1
2026-05-29 21:56:24.357 +07:00 [ERR] Hosting failed to start
System.IO.IOException: Failed to bind to address https://127.0.0.1:52817: address already in use.
 ---> Microsoft.AspNetCore.Connections.AddressInUseException: Only one usage of each socket address (protocol/network address/port) is normally permitted.
 ---> System.Net.Sockets.SocketException (10048): Only one usage of each socket address (protocol/network address/port) is normally permitted.
   at System.Net.Sockets.Socket.UpdateStatusAfterSocketErrorAndThrowException(SocketError error, Boolean disconnectOnFailure, String callerName)
   at System.Net.Sockets.Socket.DoBind(EndPoint endPointSnapshot, SocketAddress socketAddress)
   at System.Net.Sockets.Socket.Bind(EndPoint localEP)
   at Microsoft.AspNetCore.Server.Kestrel.Transport.Sockets.SocketTransportOptions.CreateDefaultBoundListenSocket(EndPoint endpoint)
   at Microsoft.AspNetCore.Server.Kestrel.Transport.Sockets.SocketConnectionListener.Bind()
   --- End of inner exception stack trace ---
   at Microsoft.AspNetCore.Server.Kestrel.Transport.Sockets.SocketConnectionListener.Bind()
   at Microsoft.AspNetCore.Server.Kestrel.Transport.Sockets.SocketTransportFactory.BindAsync(EndPoint endpoint, CancellationToken cancellationToken)
   at Microsoft.AspNetCore.Server.Kestrel.Core.Internal.Infrastructure.TransportManager.BindAsync(EndPoint endPoint, ConnectionDelegate connectionDelegate, EndpointConfig endpointConfig, CancellationToken cancellationToken)
   at Microsoft.AspNetCore.Server.Kestrel.Core.KestrelServerImpl.<>c__DisplayClass28_0`1.<<StartAsync>g__OnBind|0>d.MoveNext()
--- End of stack trace from previous location ---
   at Microsoft.AspNetCore.Server.Kestrel.Core.Internal.AddressBinder.BindEndpointAsync(ListenOptions endpoint, AddressBindContext context, CancellationToken cancellationToken)
   --- End of inner exception stack trace ---
   at Microsoft.AspNetCore.Server.Kestrel.Core.Internal.AddressBinder.BindEndpointAsync(ListenOptions endpoint, AddressBindContext context, CancellationToken cancellationToken)
   at Microsoft.AspNetCore.Server.Kestrel.Core.LocalhostListenOptions.BindAsync(AddressBindContext context, CancellationToken cancellationToken)
   at Microsoft.AspNetCore.Server.Kestrel.Core.Internal.AddressBinder.AddressesStrategy.BindAsync(AddressBindContext context, CancellationToken cancellationToken)
   at Microsoft.AspNetCore.Server.Kestrel.Core.Internal.AddressBinder.BindAsync(ListenOptions[] listenOptions, AddressBindContext context, Func`2 useHttps, CancellationToken cancellationToken)
   at Microsoft.AspNetCore.Server.Kestrel.Core.KestrelServerImpl.BindAsync(CancellationToken cancellationToken)
   at Microsoft.AspNetCore.Server.Kestrel.Core.KestrelServerImpl.StartAsync[TContext](IHttpApplication`1 application, CancellationToken cancellationToken)
   at Microsoft.AspNetCore.Hosting.GenericWebHostService.StartAsync(CancellationToken cancellationToken)
   at Microsoft.Extensions.Hosting.Internal.Host.<StartAsync>b__15_1(IHostedService service, CancellationToken token)
   at Microsoft.Extensions.Hosting.Internal.Host.ForeachService[T](IEnumerable`1 services, CancellationToken token, Boolean concurrent, Boolean abortOnFirstException, List`1 exceptions, Func`3 operation)
