2026-05-26 15:11:00.178 +07:00 [INF] Executed DbCommand (72ms) [Parameters=[], CommandType='"Text"', CommandTimeout='30']
SELECT EXISTS (
    SELECT 1 FROM pg_catalog.pg_class c
    JOIN pg_catalog.pg_namespace n ON n.oid=c.relnamespace
    WHERE n.nspname='public' AND
          c.relname='__EFMigrationsHistory'
)
2026-05-26 15:11:00.237 +07:00 [INF] Executed DbCommand (4ms) [Parameters=[], CommandType='"Text"', CommandTimeout='30']
SELECT EXISTS (
    SELECT 1 FROM pg_catalog.pg_class c
    JOIN pg_catalog.pg_namespace n ON n.oid=c.relnamespace
    WHERE n.nspname='public' AND
          c.relname='__EFMigrationsHistory'
)
2026-05-26 15:11:00.435 +07:00 [INF] Executed DbCommand (58ms) [Parameters=[], CommandType='"Text"', CommandTimeout='30']
CREATE TABLE "__EFMigrationsHistory" (
    "MigrationId" character varying(150) NOT NULL,
    "ProductVersion" character varying(32) NOT NULL,
    CONSTRAINT "PK___EFMigrationsHistory" PRIMARY KEY ("MigrationId")
);
2026-05-26 15:11:00.448 +07:00 [INF] Executed DbCommand (2ms) [Parameters=[], CommandType='"Text"', CommandTimeout='30']
SELECT EXISTS (
    SELECT 1 FROM pg_catalog.pg_class c
    JOIN pg_catalog.pg_namespace n ON n.oid=c.relnamespace
    WHERE n.nspname='public' AND
          c.relname='__EFMigrationsHistory'
)
2026-05-26 15:11:00.460 +07:00 [INF] Executed DbCommand (7ms) [Parameters=[], CommandType='"Text"', CommandTimeout='30']
SELECT "MigrationId", "ProductVersion"
FROM "__EFMigrationsHistory"
ORDER BY "MigrationId";
2026-05-26 15:11:00.484 +07:00 [INF] No migrations were applied. The database is already up to date.
2026-05-26 15:11:00.496 +07:00 [INF] Database migration completed successfully.
2026-05-26 15:11:00.687 +07:00 [INF] User profile is available. Using 'C:\Users\thien\AppData\Local\ASP.NET\DataProtection-Keys' as key repository and Windows DPAPI to encrypt keys at rest.
2026-05-26 15:11:00.978 +07:00 [INF] Now listening on: https://localhost:52817
2026-05-26 15:11:00.978 +07:00 [INF] Now listening on: http://localhost:52818
2026-05-26 15:11:00.978 +07:00 [INF] Application started. Press Ctrl+C to shut down.
2026-05-26 15:11:00.978 +07:00 [INF] Hosting environment: Development
2026-05-26 15:11:00.978 +07:00 [INF] Content root path: D:\PRN222\CafeReservation\src\CafeReservation.Api
2026-05-26 15:11:47.066 +07:00 [INF] Request starting HTTP/2 GET https://localhost:52817/ - null null
2026-05-26 15:11:49.230 +07:00 [INF] HTTP GET / responded 404 in 2052.9217 ms
2026-05-26 15:11:49.232 +07:00 [INF] GET / responded 404 in 2088ms
2026-05-26 15:11:49.237 +07:00 [INF] Request finished HTTP/2 GET https://localhost:52817/ - 404 0 null 2177.1772ms
2026-05-26 15:11:49.238 +07:00 [INF] Request reached the end of the middleware pipeline without being handled by application code. Request path: GET https://localhost:52817/, Response status code: 404
2026-05-26 15:12:39.441 +07:00 [INF] Request starting HTTP/1.1 GET http://localhost:52818/swagger - null null
2026-05-26 15:12:39.491 +07:00 [INF] GET /swagger responded 301 in 28ms
2026-05-26 15:12:39.523 +07:00 [INF] Request finished HTTP/1.1 GET http://localhost:52818/swagger - 301 0 null 82.4373ms
2026-05-26 15:12:39.597 +07:00 [INF] Request starting HTTP/1.1 GET http://localhost:52818/swagger/index.html - null null
2026-05-26 15:12:39.823 +07:00 [INF] GET /swagger/index.html responded 200 in 226ms
2026-05-26 15:12:39.824 +07:00 [INF] Request finished HTTP/1.1 GET http://localhost:52818/swagger/index.html - 200 null text/html;charset=utf-8 226.8332ms
2026-05-26 15:12:39.833 +07:00 [INF] Request starting HTTP/1.1 GET http://localhost:52818/swagger/index.html - null null
2026-05-26 15:12:39.839 +07:00 [INF] Request starting HTTP/1.1 GET http://localhost:52818/swagger/index.html - null null
2026-05-26 15:12:39.839 +07:00 [INF] GET /swagger/index.html responded 200 in 0ms
2026-05-26 15:12:39.839 +07:00 [INF] Request finished HTTP/1.1 GET http://localhost:52818/swagger/index.html - 200 null text/html;charset=utf-8 0.6629ms
2026-05-26 15:12:39.883 +07:00 [INF] Request starting HTTP/1.1 GET http://localhost:52818/swagger/swagger-ui.css - null null
2026-05-26 15:12:39.835 +07:00 [INF] GET /swagger/index.html responded 200 in 0ms
2026-05-26 15:12:39.950 +07:00 [INF] Request finished HTTP/1.1 GET http://localhost:52818/swagger/index.html - 200 null text/html;charset=utf-8 116.7609ms
2026-05-26 15:12:39.953 +07:00 [INF] Request starting HTTP/1.1 GET http://localhost:52818/swagger/swagger-ui-standalone-preset.js - null null
2026-05-26 15:12:39.953 +07:00 [INF] Request starting HTTP/1.1 GET http://localhost:52818/swagger/swagger-ui-bundle.js - null null
2026-05-26 15:12:40.001 +07:00 [INF] Sending file. Request path: '/swagger-ui-standalone-preset.js'. Physical path: 'N/A'
2026-05-26 15:12:40.002 +07:00 [INF] GET /swagger/swagger-ui-standalone-preset.js responded 200 in 49ms
2026-05-26 15:12:40.003 +07:00 [INF] Request finished HTTP/1.1 GET http://localhost:52818/swagger/swagger-ui-standalone-preset.js - 200 230280 text/javascript 50.1203ms
2026-05-26 15:12:40.011 +07:00 [INF] Sending file. Request path: '/swagger-ui.css'. Physical path: 'N/A'
2026-05-26 15:12:40.012 +07:00 [INF] GET /swagger/swagger-ui.css responded 200 in 128ms
2026-05-26 15:12:40.016 +07:00 [INF] Request finished HTTP/1.1 GET http://localhost:52818/swagger/swagger-ui.css - 200 152034 text/css 133.115ms
2026-05-26 15:12:40.062 +07:00 [INF] Sending file. Request path: '/swagger-ui-bundle.js'. Physical path: 'N/A'
2026-05-26 15:12:40.062 +07:00 [INF] GET /swagger/swagger-ui-bundle.js responded 200 in 96ms
2026-05-26 15:12:40.062 +07:00 [INF] Request finished HTTP/1.1 GET http://localhost:52818/swagger/swagger-ui-bundle.js - 200 1456926 text/javascript 109.7055ms
2026-05-26 15:12:40.377 +07:00 [INF] Request starting HTTP/1.1 GET http://localhost:52818/swagger/v1/swagger.json - null null
2026-05-26 15:12:40.380 +07:00 [INF] Request starting HTTP/1.1 GET http://localhost:52818/swagger/favicon-32x32.png - null null
2026-05-26 15:12:40.380 +07:00 [INF] Sending file. Request path: '/favicon-32x32.png'. Physical path: 'N/A'
2026-05-26 15:12:40.381 +07:00 [INF] GET /swagger/favicon-32x32.png responded 200 in 0ms
2026-05-26 15:12:40.381 +07:00 [INF] Request finished HTTP/1.1 GET http://localhost:52818/swagger/favicon-32x32.png - 200 628 image/png 0.5793ms
2026-05-26 15:12:40.707 +07:00 [INF] GET /swagger/v1/swagger.json responded 200 in 329ms
2026-05-26 15:12:40.708 +07:00 [INF] Request finished HTTP/1.1 GET http://localhost:52818/swagger/v1/swagger.json - 200 null application/json;charset=utf-8 330.3152ms
2026-05-26 15:12:40.710 +07:00 [INF] Request starting HTTP/1.1 GET http://localhost:52818/swagger/v1/swagger.json - null null
2026-05-26 15:12:40.735 +07:00 [INF] GET /swagger/v1/swagger.json responded 200 in 24ms
2026-05-26 15:12:40.735 +07:00 [INF] Request finished HTTP/1.1 GET http://localhost:52818/swagger/v1/swagger.json - 200 null application/json;charset=utf-8 25.7325ms
2026-05-26 15:12:40.852 +07:00 [INF] Request starting HTTP/1.1 GET http://localhost:52818/swagger/index.html - null null
2026-05-26 15:12:40.852 +07:00 [INF] GET /swagger/index.html responded 200 in 0ms
2026-05-26 15:12:40.852 +07:00 [INF] Request finished HTTP/1.1 GET http://localhost:52818/swagger/index.html - 200 null text/html;charset=utf-8 0.8895ms
2026-05-26 15:12:41.197 +07:00 [INF] Request starting HTTP/1.1 GET http://localhost:52818/swagger/v1/swagger.json - null null
2026-05-26 15:12:41.225 +07:00 [INF] GET /swagger/v1/swagger.json responded 200 in 27ms
2026-05-26 15:12:41.225 +07:00 [INF] Request finished HTTP/1.1 GET http://localhost:52818/swagger/v1/swagger.json - 200 null application/json;charset=utf-8 28.2268ms
2026-05-26 15:12:41.254 +07:00 [INF] Request starting HTTP/1.1 GET http://localhost:52818/swagger/index.html - null null
2026-05-26 15:12:41.262 +07:00 [INF] GET /swagger/index.html responded 200 in 0ms
2026-05-26 15:12:41.262 +07:00 [INF] Request finished HTTP/1.1 GET http://localhost:52818/swagger/index.html - 200 null text/html;charset=utf-8 7.9489ms
2026-05-26 15:12:41.300 +07:00 [INF] Request starting HTTP/1.1 GET http://localhost:52818/swagger/index.html - null null
2026-05-26 15:12:41.301 +07:00 [INF] GET /swagger/index.html responded 200 in 0ms
2026-05-26 15:12:41.302 +07:00 [INF] Request finished HTTP/1.1 GET http://localhost:52818/swagger/index.html - 200 null text/html;charset=utf-8 1.139ms
2026-05-26 15:12:41.568 +07:00 [INF] Request starting HTTP/1.1 GET http://localhost:52818/swagger/v1/swagger.json - null null
2026-05-26 15:12:41.602 +07:00 [INF] GET /swagger/v1/swagger.json responded 200 in 33ms
2026-05-26 15:12:41.602 +07:00 [INF] Request finished HTTP/1.1 GET http://localhost:52818/swagger/v1/swagger.json - 200 null application/json;charset=utf-8 34.5629ms
2026-05-26 15:12:42.148 +07:00 [INF] Request starting HTTP/1.1 GET http://localhost:52818/swagger/index.html - null null
2026-05-26 15:12:42.149 +07:00 [INF] GET /swagger/index.html responded 200 in 0ms
2026-05-26 15:12:42.149 +07:00 [INF] Request finished HTTP/1.1 GET http://localhost:52818/swagger/index.html - 200 null text/html;charset=utf-8 0.9736ms
2026-05-26 15:12:42.254 +07:00 [INF] Request starting HTTP/1.1 GET http://localhost:52818/swagger/index.html - null null
2026-05-26 15:12:42.255 +07:00 [INF] GET /swagger/index.html responded 200 in 0ms
2026-05-26 15:12:42.255 +07:00 [INF] Request finished HTTP/1.1 GET http://localhost:52818/swagger/index.html - 200 null text/html;charset=utf-8 1.0275ms
2026-05-26 15:12:42.654 +07:00 [INF] Request starting HTTP/1.1 GET http://localhost:52818/swagger/v1/swagger.json - null null
2026-05-26 15:12:42.668 +07:00 [INF] GET /swagger/v1/swagger.json responded 200 in 13ms
2026-05-26 15:12:42.669 +07:00 [INF] Request finished HTTP/1.1 GET http://localhost:52818/swagger/v1/swagger.json - 200 null application/json;charset=utf-8 14.3479ms
2026-05-26 15:12:42.977 +07:00 [INF] Request starting HTTP/1.1 GET http://localhost:52818/swagger/v1/swagger.json - null null
2026-05-26 15:12:42.995 +07:00 [INF] GET /swagger/v1/swagger.json responded 200 in 17ms
2026-05-26 15:12:42.995 +07:00 [INF] Request finished HTTP/1.1 GET http://localhost:52818/swagger/v1/swagger.json - 200 null application/json;charset=utf-8 18.0779ms
2026-05-26 15:12:43.461 +07:00 [INF] Request starting HTTP/1.1 GET http://localhost:52818/swagger/v1/swagger.json - null null
2026-05-26 15:12:43.479 +07:00 [INF] GET /swagger/v1/swagger.json responded 200 in 18ms
2026-05-26 15:12:43.479 +07:00 [INF] Request finished HTTP/1.1 GET http://localhost:52818/swagger/v1/swagger.json - 200 null application/json;charset=utf-8 18.5786ms
2026-05-26 15:12:43.767 +07:00 [INF] Request starting HTTP/1.1 GET http://localhost:52818/swagger/v1/swagger.json - null null
2026-05-26 15:12:43.780 +07:00 [INF] GET /swagger/v1/swagger.json responded 200 in 13ms
2026-05-26 15:12:43.780 +07:00 [INF] Request finished HTTP/1.1 GET http://localhost:52818/swagger/v1/swagger.json - 200 null application/json;charset=utf-8 13.7827ms
2026-05-26 15:13:55.234 +07:00 [INF] Request starting HTTP/2 GET https://localhost:52817/ - null null
2026-05-26 15:13:55.236 +07:00 [INF] HTTP GET / responded 404 in 2.3004 ms
2026-05-26 15:13:55.237 +07:00 [INF] GET / responded 404 in 2ms
2026-05-26 15:13:55.237 +07:00 [INF] Request finished HTTP/2 GET https://localhost:52817/ - 404 0 null 3.2267ms
2026-05-26 15:13:55.237 +07:00 [INF] Request reached the end of the middleware pipeline without being handled by application code. Request path: GET https://localhost:52817/, Response status code: 404
